Parser Characterization Report:
Number of states on ingress: 6

Number of matches on ingress: 9

Longest path (5 states) on ingress:
    $entry_point
    start
    EthIpParser_parse_ip
    EthIpParser_parse_ip.$split_0
    EthIpParser_parse_tcp

Shortest path (2 states) on ingress:
    $entry_point
    start

Timing is met for min-sized packet (73 B) running at 100 Gbps

Extractor usage:
+-------------------------------+--------+-------+--------+--------+------------------+-------+
|State                          |Match   |8-bit  |16-bit  |32-bit  |Total Extractors  |Other  |
+-------------------------------+--------+-------+--------+--------+------------------+-------+
|$entry_point                   |*       |0      |0       |0       |0                 |       |
|start                          |0x0800  |3      |3       |3       |9                 |       |
|-                              |0x****  |3      |3       |3       |9                 |       |
|EthIpParser_parse_ip           |*       |4      |2       |3       |9                 |       |
|EthIpParser_parse_ip.$split_0  |0x06    |1      |0       |0       |1                 |       |
|-                              |0x11    |1      |0       |0       |1                 |       |
|-                              |0x**    |1      |0       |0       |1                 |       |
|EthIpParser_parse_udp          |*       |1      |0       |2       |3                 |       |
|EthIpParser_parse_tcp          |*       |1      |4       |3       |8                 |       |
+-------------------------------+--------+-------+--------+--------+------------------+-------+
Number of states on egress: 10

Number of matches on egress: 16

Longest path (9 states) on egress:
    $entry_point
    start.$split_0
    start.$split_1
    EthIpParser_parse_ip_0
    EthIpParser_parse_ip_0.$split_0
    EthIpParser_parse_tcp_0
    min_parse_depth_accept_initial
    min_parse_depth_accept_loop.$split_0
    min_parse_depth_accept_loop.$it1.$split_0

Shortest path (4 states) on egress:
    $entry_point
    start.$split_0
    start.$split_1
    min_parse_depth_accept_initial

Average rate: 8.11111 Bps
Min packet size at 100 Gbps: 93 B (20 B payload)
Max data rate for min-sized packets: 78.08 Gbps / 133.699 MPps

Extractor usage:
+-------------------------------------------+--------+-------+--------+--------+------------------+-------+
|State                                      |Match   |8-bit  |16-bit  |32-bit  |Total Extractors  |Other  |
+-------------------------------------------+--------+-------+--------+--------+------------------+-------+
|$entry_point                               |*       |1      |3       |0       |4                 |       |
|start.$split_0                             |*       |0      |4       |0       |4                 |       |
|start.$split_1                             |0x0800  |0      |1       |0       |1                 |       |
|-                                          |0x****  |0      |1       |0       |1                 |       |
|EthIpParser_parse_ip_0                     |*       |4      |0       |4       |8                 |       |
|EthIpParser_parse_ip_0.$split_0            |0x06    |1      |0       |0       |1                 |       |
|-                                          |0x11    |1      |0       |0       |1                 |       |
|-                                          |0x**    |1      |0       |0       |1                 |       |
|EthIpParser_parse_udp_0                    |*       |1      |2       |1       |4                 |       |
|EthIpParser_parse_tcp_0                    |*       |1      |4       |3       |8                 |       |
|min_parse_depth_accept_initial             |0x0     |2      |3       |1       |6                 |       |
|-                                          |0b**    |0      |0       |0       |0                 |       |
|min_parse_depth_accept_loop.$split_0       |0x0     |2      |1       |2       |5                 |       |
|-                                          |0b**    |0      |0       |0       |0                 |       |
|min_parse_depth_accept_loop.$it1.$split_0  |0x0     |2      |3       |1       |6                 |       |
|-                                          |0b**    |0      |0       |0       |0                 |       |
+-------------------------------------------+--------+-------+--------+--------+------------------+-------+
