Allocation history of config default_alloc_config
1: TRYING to allocate SUPERCLUSTER Uid: 454
    slice lists:	
        [ ingress::md.measured_rate<32> meta solitary no_split no_holes exact_containers same_container_group [0:31] ]
        [ ingress::bottlenecked_rate_cms_output_1<32> meta no_split [0:31] ]
        [ ingress::bottlenecked_rate_cms_output_2<32> meta no_split [0:31] ]
        [ ingress::bottlenecked_rate_cms_output_3<32> meta no_split [0:31] ]
    rotational clusters:	
        [[ingress::md.measured_rate<32> meta solitary no_split no_holes exact_containers same_container_group [0:31], ingress::bottlenecked_rate_cms_output_1<32> meta no_split [0:31], ingress::bottlenecked_rate_cms_output_2<32> meta no_split [0:31], ingress::bottlenecked_rate_cms_output_3<32> meta no_split [0:31]]]
Successfully Allocated
By slicing into the following superclusters:
SUPERCLUSTER Uid: 660
    slice lists:	
        [ ingress::md.measured_rate<32> meta solitary no_split no_holes exact_containers same_container_group [0:31] ]
        [ ingress::bottlenecked_rate_cms_output_1<32> meta no_split [0:31] ]
        [ ingress::bottlenecked_rate_cms_output_2<32> meta no_split [0:31] ]
        [ ingress::bottlenecked_rate_cms_output_3<32> meta no_split [0:31] ]
    rotational clusters:	
        [[ingress::md.measured_rate<32> meta solitary no_split no_holes exact_containers same_container_group [0:31], ingress::bottlenecked_rate_cms_output_1<32> meta no_split [0:31], ingress::bottlenecked_rate_cms_output_2<32> meta no_split [0:31], ingress::bottlenecked_rate_cms_output_3<32> meta no_split [0:31]]]

Best Score: {[n_inc_containers: 4, ], }
Allocation Decisions:
allocate: W0[0:31] <- ingress::bottlenecked_rate_cms_output_1<32> meta no_split [0:31] @[-1r,11w]
allocate: W1[0:31] <- ingress::bottlenecked_rate_cms_output_2<32> meta no_split [0:31] @[-1r,11w]
allocate: W2[0:31] <- ingress::bottlenecked_rate_cms_output_3<32> meta no_split [0:31] @[-1r,11w]
allocate: W3[0:31] <- ingress::md.measured_rate<32> meta solitary no_split no_holes exact_containers same_container_group [0:31] @[-1r,11w]
2: TRYING to allocate SUPERCLUSTER Uid: 488
    slice lists:	
        [ ingress::t_igr_gapRC<32> meta solitary no_split [0:31] ]
    rotational clusters:	
        [[ingress::t_igr_burst<32> meta solitary no_split [0:31], ingress::t_igr_gapRC<32> meta solitary no_split [0:31], const_to_phv_32w20000<32> meta solitary no_split [0:31]]]
Successfully Allocated
By slicing into the following superclusters:
SUPERCLUSTER Uid: 664
    slice lists:	
        [ ingress::t_igr_gapRC<32> meta solitary no_split [0:31] ]
    rotational clusters:	
        [[ingress::t_igr_burst<32> meta solitary no_split [0:31], ingress::t_igr_gapRC<32> meta solitary no_split [0:31], const_to_phv_32w20000<32> meta solitary no_split [0:31]]]

Best Score: {[n_inc_containers: 3, ], }
Allocation Decisions:
allocate: W4[0:31] <- ingress::t_igr_gapRC<32> meta solitary no_split [0:31] @[-1r,11w]
allocate: W5[0:31] <- const_to_phv_32w20000<32> meta solitary no_split [0:31] @[-1r,11w]
allocate: W6[0:31] <- ingress::t_igr_burst<32> meta solitary no_split [0:31] @[-1r,11w]
3: TRYING to allocate SUPERCLUSTER Uid: 458
    slice lists:	
        [ ingress::ig_intr_md_for_tm.ucast_egress_port<9> ^0 meta intrinsic solitary no_split deparsed_bottom_bits deparsed_to_tm [0:8] ]
    rotational clusters:	
        [[ingress::ig_intr_md_for_tm.ucast_egress_port<9> ^0 meta intrinsic solitary no_split deparsed_bottom_bits deparsed_to_tm [0:8]]]
Successfully Allocated
By slicing into the following superclusters:
SUPERCLUSTER Uid: 668
    slice lists:	
        [ ingress::ig_intr_md_for_tm.ucast_egress_port<9> ^0 meta intrinsic solitary no_split deparsed_bottom_bits deparsed_to_tm [0:8] ]
    rotational clusters:	
        [[ingress::ig_intr_md_for_tm.ucast_egress_port<9> ^0 meta intrinsic solitary no_split deparsed_bottom_bits deparsed_to_tm [0:8]]]

Best Score: {[n_inc_containers: 1, n_wasted_bits: 7, n_inc_small_containers: 1, ], }
Allocation Decisions:
allocate: H0[0:8] <- ingress::ig_intr_md_for_tm.ucast_egress_port<9> ^0 meta intrinsic solitary no_split deparsed_bottom_bits deparsed_to_tm [0:8] @[-1r,11w]
4: TRYING to allocate SUPERCLUSTER Uid: 497
    slice lists:	[ ]
    rotational clusters:	
        [[ingress::ig_intr_md_for_dprsr.mirror_type<3> meta intrinsic solitary no_split deparsed_bottom_bits [0:2]]]
Successfully Allocated
By slicing into the following superclusters:
SUPERCLUSTER Uid: 669
    slice lists:	[ ]
    rotational clusters:	
        [[ingress::ig_intr_md_for_dprsr.mirror_type<3> meta intrinsic solitary no_split deparsed_bottom_bits [0:2]]]

Best Score: {[n_inc_containers: 1, n_wasted_bits: 5, n_inc_small_containers: 1, ], }
Allocation Decisions:
allocate: B0[0:2] <- ingress::ig_intr_md_for_dprsr.mirror_type<3> meta intrinsic solitary no_split deparsed_bottom_bits [0:2] @[-1r,11w]
5: TRYING to allocate SUPERCLUSTER Uid: 492
    slice lists:	
        [ ingress::md.RC<32> meta solitary no_split [0:31] ]
    rotational clusters:	
        [[ingress::t_igr_RC_minus_threshold<32> meta solitary no_split [0:31], ingress::md.RC<32> meta solitary no_split [0:31], const_to_phv_32w5000000<32> meta solitary no_split [0:31]]]
Successfully Allocated
By slicing into the following superclusters:
SUPERCLUSTER Uid: 673
    slice lists:	
        [ ingress::md.RC<32> meta solitary no_split [0:31] ]
    rotational clusters:	
        [[ingress::t_igr_RC_minus_threshold<32> meta solitary no_split [0:31], ingress::md.RC<32> meta solitary no_split [0:31], const_to_phv_32w5000000<32> meta solitary no_split [0:31]]]

Best Score: {[n_inc_containers: 3, ], }
Allocation Decisions:
allocate: W7[0:31] <- ingress::md.RC<32> meta solitary no_split [0:31] @[-1r,11w]
allocate: W8[0:31] <- const_to_phv_32w5000000<32> meta solitary no_split [0:31] @[-1r,11w]
allocate: W9[0:31] <- ingress::t_igr_RC_minus_threshold<32> meta solitary no_split [0:31] @[-1r,11w]
6: TRYING to allocate SUPERCLUSTER Uid: 480
    slice lists:	
        [ ingress::md.pktlen<32> meta no_split [0:31] ]
    rotational clusters:	
        [[ingress::t_igr_pktlen_minus_dt_x_rate<32> meta solitary no_split [0:31], ingress::md.pktlen<32> meta no_split [0:31], ingress::t_igr_dt_x_rate_B<32> meta no_split [0:31]]]
Successfully Allocated
By slicing into the following superclusters:
SUPERCLUSTER Uid: 677
    slice lists:	
        [ ingress::md.pktlen<32> meta no_split [0:31] ]
    rotational clusters:	
        [[ingress::t_igr_pktlen_minus_dt_x_rate<32> meta solitary no_split [0:31], ingress::md.pktlen<32> meta no_split [0:31], ingress::t_igr_dt_x_rate_B<32> meta no_split [0:31]]]

Best Score: {[n_overlay_bits: 32, n_inc_containers: 2, ], }
Allocation Decisions:
allocate: W6[0:31] <- ingress::md.pktlen<32> meta no_split [0:31] @[-1r,11w]
allocate: W10[0:31] <- ingress::t_igr_dt_x_rate_B<32> meta no_split [0:31] @[-1r,11w]
allocate: W11[0:31] <- ingress::t_igr_pktlen_minus_dt_x_rate<32> meta solitary no_split [0:31] @[-1r,11w]
7: TRYING to allocate SUPERCLUSTER Uid: 474
    slice lists:	
        [ ingress::$hash_field_argument0<16> meta solitary no_holes exact_containers same_container_group [0:15] ]
        [ ingress::hdr.ip.total_len<16> ^0 ^bit[0..31] deparsed solitary no_holes exact_containers same_container_group [0:15] ]
    rotational clusters:	
        [[ingress::$hash_field_argument0<16> meta solitary no_holes exact_containers same_container_group [0:15], ingress::hdr.ip.total_len<16> ^0 ^bit[0..31] deparsed solitary no_holes exact_containers same_container_group [0:15]]]
Successfully Allocated
By slicing into the following superclusters:
SUPERCLUSTER Uid: 683
    slice lists:	
        [ ingress::$hash_field_argument0<16> meta solitary no_holes exact_containers same_container_group [0:15] ]
        [ ingress::hdr.ip.total_len<16> ^0 ^bit[0..31] deparsed solitary no_holes exact_containers same_container_group [0:15] ]
    rotational clusters:	
        [[ingress::$hash_field_argument0<16> meta solitary no_holes exact_containers same_container_group [0:15], ingress::hdr.ip.total_len<16> ^0 ^bit[0..31] deparsed solitary no_holes exact_containers same_container_group [0:15]]]

Best Score: {[n_inc_containers: 2, n_inc_small_containers: 2, ], }
Allocation Decisions:
allocate: H1[0:15] <- ingress::hdr.ip.total_len<16> ^0 ^bit[0..31] deparsed solitary no_holes exact_containers same_container_group [0:15] @[-1r,11w]
allocate: H2[0:15] <- ingress::$hash_field_argument0<16> meta solitary no_holes exact_containers same_container_group [0:15] @[-1r,11w]
8: TRYING to allocate SUPERCLUSTER Uid: 501
    slice lists:	
        [ ingress::$tmp2<10> meta mirror%{84:ingress::ig_intr_md_for_dprsr.mirror_type#0}% no_split exact_containers [0:9]
          ingress::__phv_dummy_padding__.0<6> exact_containers [0:5] ]
    rotational clusters:	
        [[ingress::$tmp2<10> meta mirror%{84:ingress::ig_intr_md_for_dprsr.mirror_type#0}% no_split exact_containers [0:9]]]
        [[ingress::__phv_dummy_padding__.0<6> exact_containers [0:5]]]
Successfully Allocated
By slicing into the following superclusters:
SUPERCLUSTER Uid: 694
    slice lists:	
        [ ingress::$tmp2<10> meta mirror%{84:ingress::ig_intr_md_for_dprsr.mirror_type#0}% no_split exact_containers [0:9]
          ingress::__phv_dummy_padding__.0<6> exact_containers [0:5] ]
    rotational clusters:	
        [[ingress::$tmp2<10> meta mirror%{84:ingress::ig_intr_md_for_dprsr.mirror_type#0}% no_split exact_containers [0:9]]]
        [[ingress::__phv_dummy_padding__.0<6> exact_containers [0:5]]]

Best Score: {[n_overlay_bits: 10, ], }
Allocation Decisions:
allocate: H2[0:9] <- ingress::$tmp2<10> meta mirror%{84:ingress::ig_intr_md_for_dprsr.mirror_type#0}% no_split exact_containers [0:9] @[-1r,11w]
9: TRYING to allocate SUPERCLUSTER Uid: 656
    slice lists:	
        [ egress::hdr.min_parse_depth_padding_0.$stkvalid<3> meta pov no_split [0:0]
          egress::hdr.min_parse_depth_padding_0.$stkvalid<3> meta pov no_split [1:1]
          egress::hdr.min_parse_depth_padding_0.$stkvalid<3> meta pov no_split [2:2] ]
    rotational clusters:	
        [[egress::hdr.min_parse_depth_padding_0.$stkvalid<3> meta pov no_split [0:0]]]
        [[egress::hdr.min_parse_depth_padding_0.$stkvalid<3> meta pov no_split [1:1]]]
        [[egress::hdr.min_parse_depth_padding_0.$stkvalid<3> meta pov no_split [2:2]]]
Successfully Allocated
By slicing into the following superclusters:
SUPERCLUSTER Uid: 698
    slice lists:	
        [ egress::hdr.min_parse_depth_padding_0.$stkvalid<3> meta pov no_split [0:0]
          egress::hdr.min_parse_depth_padding_0.$stkvalid<3> meta pov no_split [1:1]
          egress::hdr.min_parse_depth_padding_0.$stkvalid<3> meta pov no_split [2:2] ]
    rotational clusters:	
        [[egress::hdr.min_parse_depth_padding_0.$stkvalid<3> meta pov no_split [0:0]]]
        [[egress::hdr.min_parse_depth_padding_0.$stkvalid<3> meta pov no_split [1:1]]]
        [[egress::hdr.min_parse_depth_padding_0.$stkvalid<3> meta pov no_split [2:2]]]

Best Score: {[n_inc_containers: 1, n_inc_small_containers: 1, ], }
Allocation Decisions:
allocate: B16[0:0] <- egress::hdr.min_parse_depth_padding_0.$stkvalid<3> meta pov no_split [0:0] @[-1r,11w]
allocate: B16[1:1] <- egress::hdr.min_parse_depth_padding_0.$stkvalid<3> meta pov no_split [1:1] @[-1r,11w]
allocate: B16[2:2] <- egress::hdr.min_parse_depth_padding_0.$stkvalid<3> meta pov no_split [2:2] @[-1r,11w]
10: TRYING to allocate SUPERCLUSTER Uid: 507
    slice lists:	
        [ egress::eg_intr_md.egress_port<9> ^0 ^bit[0..15] intrinsic no_split deparsed_bottom_bits deparsed_to_tm [0:8]
          egress::eg_intr_md._pad0<7> intrinsic deparsed_to_tm [0:6] ]
    rotational clusters:	
        [[egress::eg_intr_md.egress_port<9> ^0 ^bit[0..15] intrinsic no_split deparsed_bottom_bits deparsed_to_tm [0:8]]]
        [[egress::eg_intr_md._pad0<7> intrinsic deparsed_to_tm [0:6]]]
Successfully Allocated
By slicing into the following superclusters:
SUPERCLUSTER Uid: 702
    slice lists:	
        [ egress::eg_intr_md.egress_port<9> ^0 ^bit[0..15] intrinsic no_split deparsed_bottom_bits deparsed_to_tm [0:8]
          egress::eg_intr_md._pad0<7> intrinsic deparsed_to_tm [0:6] ]
    rotational clusters:	
        [[egress::eg_intr_md.egress_port<9> ^0 ^bit[0..15] intrinsic no_split deparsed_bottom_bits deparsed_to_tm [0:8]]]
        [[egress::eg_intr_md._pad0<7> intrinsic deparsed_to_tm [0:6]]]

Best Score: {[n_inc_containers: 1, n_inc_small_containers: 1, ], }
Allocation Decisions:
allocate: H16[0:8] <- egress::eg_intr_md.egress_port<9> ^0 ^bit[0..15] intrinsic no_split deparsed_bottom_bits deparsed_to_tm [0:8] @[-1r,11w]
11: TRYING to allocate SUPERCLUSTER Uid: 496
    slice lists:	[ ]
    rotational clusters:	
        [[ingress::ig_intr_md_for_dprsr.drop_ctl<3> meta intrinsic no_split deparsed_to_tm [0:2]]]
Successfully Allocated
By slicing into the following superclusters:
SUPERCLUSTER Uid: 703
    slice lists:	[ ]
    rotational clusters:	
        [[ingress::ig_intr_md_for_dprsr.drop_ctl<3> meta intrinsic no_split deparsed_to_tm [0:2]]]

Best Score: {[n_overlay_bits: 3, ], }
Allocation Decisions:
allocate: W10[0:2] <- ingress::ig_intr_md_for_dprsr.drop_ctl<3> meta intrinsic no_split deparsed_to_tm [0:2] @[-1r,11w]
12: TRYING to allocate SUPERCLUSTER Uid: 546
    slice lists:	
        [ egress::hdr.min_parse_depth_padding_0[0].packet_payload<88> ^0 ^bit[0..7] deparsed exact_containers [80:87] ]
    rotational clusters:	
        [[egress::hdr.min_parse_depth_padding_0[0].packet_payload<88> ^0 ^bit[0..7] deparsed exact_containers [80:87]]]
Successfully Allocated
By slicing into the following superclusters:
SUPERCLUSTER Uid: 707
    slice lists:	
        [ egress::hdr.min_parse_depth_padding_0[0].packet_payload<88> ^0 ^bit[0..7] deparsed exact_containers [80:87] ]
    rotational clusters:	
        [[egress::hdr.min_parse_depth_padding_0[0].packet_payload<88> ^0 ^bit[0..7] deparsed exact_containers [80:87]]]

Best Score: {n_inc_tphv_collections: 1, T[n_set_gress: 1, n_set_parser_group_gress: 1, n_set_deparser_group_gress: 1, n_inc_containers: 1, ], }
Allocation Decisions:
allocate: TB0[0:7] <- egress::hdr.min_parse_depth_padding_0[0].packet_payload<88> ^0 ^bit[0..7] deparsed exact_containers [80:87] @[-1r,11w]
13: TRYING to allocate SUPERCLUSTER Uid: 568
    slice lists:	
        [ egress::hdr.min_parse_depth_padding_0[1].packet_payload<88> ^0 ^bit[0..7] deparsed exact_containers [80:87] ]
    rotational clusters:	
        [[egress::hdr.min_parse_depth_padding_0[1].packet_payload<88> ^0 ^bit[0..7] deparsed exact_containers [80:87]]]
Successfully Allocated
By slicing into the following superclusters:
SUPERCLUSTER Uid: 711
    slice lists:	
        [ egress::hdr.min_parse_depth_padding_0[1].packet_payload<88> ^0 ^bit[0..7] deparsed exact_containers [80:87] ]
    rotational clusters:	
        [[egress::hdr.min_parse_depth_padding_0[1].packet_payload<88> ^0 ^bit[0..7] deparsed exact_containers [80:87]]]

Best Score: {T[n_set_parser_group_gress: 1, n_inc_containers: 1, ], }
Allocation Decisions:
allocate: TB1[0:7] <- egress::hdr.min_parse_depth_padding_0[1].packet_payload<88> ^0 ^bit[0..7] deparsed exact_containers [80:87] @[-1r,11w]
14: TRYING to allocate SUPERCLUSTER Uid: 590
    slice lists:	
        [ egress::hdr.min_parse_depth_padding_0[2].packet_payload<88> ^0 ^bit[0..7] deparsed exact_containers [80:87] ]
    rotational clusters:	
        [[egress::hdr.min_parse_depth_padding_0[2].packet_payload<88> ^0 ^bit[0..7] deparsed exact_containers [80:87]]]
Successfully Allocated
By slicing into the following superclusters:
SUPERCLUSTER Uid: 715
    slice lists:	
        [ egress::hdr.min_parse_depth_padding_0[2].packet_payload<88> ^0 ^bit[0..7] deparsed exact_containers [80:87] ]
    rotational clusters:	
        [[egress::hdr.min_parse_depth_padding_0[2].packet_payload<88> ^0 ^bit[0..7] deparsed exact_containers [80:87]]]

Best Score: {T[n_set_parser_group_gress: 1, n_inc_containers: 1, ], }
Allocation Decisions:
allocate: TB2[0:7] <- egress::hdr.min_parse_depth_padding_0[2].packet_payload<88> ^0 ^bit[0..7] deparsed exact_containers [80:87] @[-1r,11w]
15: TRYING to allocate SUPERCLUSTER Uid: 450
    slice lists:	
        [ ingress::hdr.udp.dst_port<16> ^0 ^bit[0..31] deparsed exact_containers [0:15]
          ingress::hdr.udp.src_port<16> ^0 ^bit[0..15] deparsed exact_containers [0:15] ]
        [ ingress::hdr.tcp.dst_port<16> ^0 ^bit[0..31] deparsed exact_containers [0:15]
          ingress::hdr.tcp.src_port<16> ^0 ^bit[0..15] deparsed exact_containers [0:15] ]
    rotational clusters:	
        [[ingress::md.dport<16> meta [0:15]], [ingress::hdr.udp.dst_port<16> ^0 ^bit[0..31] deparsed exact_containers [0:15]], [ingress::hdr.tcp.dst_port<16> ^0 ^bit[0..31] deparsed exact_containers [0:15]]]
        [[ingress::md.sport<16> meta [0:15]], [ingress::hdr.udp.src_port<16> ^0 ^bit[0..15] deparsed exact_containers [0:15]], [ingress::hdr.tcp.src_port<16> ^0 ^bit[0..15] deparsed exact_containers [0:15]]]
Successfully Allocated
By slicing into the following superclusters:
SUPERCLUSTER Uid: 721
    slice lists:	
        [ ingress::hdr.udp.dst_port<16> ^0 ^bit[0..31] deparsed exact_containers [0:15]
          ingress::hdr.udp.src_port<16> ^0 ^bit[0..15] deparsed exact_containers [0:15] ]
        [ ingress::hdr.tcp.dst_port<16> ^0 ^bit[0..31] deparsed exact_containers [0:15]
          ingress::hdr.tcp.src_port<16> ^0 ^bit[0..15] deparsed exact_containers [0:15] ]
    rotational clusters:	
        [[ingress::md.dport<16> meta [0:15]], [ingress::hdr.udp.dst_port<16> ^0 ^bit[0..31] deparsed exact_containers [0:15]], [ingress::hdr.tcp.dst_port<16> ^0 ^bit[0..31] deparsed exact_containers [0:15]]]
        [[ingress::md.sport<16> meta [0:15]], [ingress::hdr.udp.src_port<16> ^0 ^bit[0..15] deparsed exact_containers [0:15]], [ingress::hdr.tcp.src_port<16> ^0 ^bit[0..15] deparsed exact_containers [0:15]]]

Best Score: {[n_overlay_bits: 32, n_inc_containers: 2, ], }
Allocation Decisions:
allocate: W12[0:15] <- ingress::hdr.udp.dst_port<16> ^0 ^bit[0..31] deparsed exact_containers [0:15] @[-1r,11w]
allocate: W12[16:31] <- ingress::hdr.udp.src_port<16> ^0 ^bit[0..15] deparsed exact_containers [0:15] @[-1r,11w]
allocate: W12[0:15] <- ingress::hdr.tcp.dst_port<16> ^0 ^bit[0..31] deparsed exact_containers [0:15] @[-1r,11w]
allocate: W12[16:31] <- ingress::hdr.tcp.src_port<16> ^0 ^bit[0..15] deparsed exact_containers [0:15] @[-1r,11w]
allocate: W13[0:15] <- ingress::md.dport<16> meta [0:15] @[-1r,11w]
allocate: W13[16:31] <- ingress::md.sport<16> meta [0:15] @[-1r,11w]
16: TRYING to allocate SUPERCLUSTER Uid: 624
    slice lists:	
        [ egress::hdr.ip.total_len<16> ^0 ^bit[0..31] deparsed exact_containers [0:15]
          egress::hdr.ip.ecn<2> ^0 ^bit[0..15] deparsed exact_containers [0:1]
          egress::hdr.ip.dscp<6> ^2 ^bit[0..13] deparsed exact_containers [0:5]
          egress::hdr.ip.ihl<4> ^0 ^bit[0..7] deparsed exact_containers [0:3]
          egress::hdr.ip.version<4> ^4 ^bit[0..3] deparsed exact_containers [0:3] ]
    rotational clusters:	
        [[egress::hdr.ip.total_len<16> ^0 ^bit[0..31] deparsed exact_containers [0:15]]]
        [[egress::hdr.ip.ecn<2> ^0 ^bit[0..15] deparsed exact_containers [0:1]]]
        [[egress::hdr.ip.dscp<6> ^2 ^bit[0..13] deparsed exact_containers [0:5]]]
        [[egress::hdr.ip.ihl<4> ^0 ^bit[0..7] deparsed exact_containers [0:3]]]
        [[egress::hdr.ip.version<4> ^4 ^bit[0..3] deparsed exact_containers [0:3]]]
Successfully Allocated
By slicing into the following superclusters:
SUPERCLUSTER Uid: 778
    slice lists:	
        [ egress::hdr.ip.total_len<16> ^0 ^bit[0..31] deparsed exact_containers [0:15]
          egress::hdr.ip.ecn<2> ^0 ^bit[0..15] deparsed exact_containers [0:1]
          egress::hdr.ip.dscp<6> ^2 ^bit[0..13] deparsed exact_containers [0:5]
          egress::hdr.ip.ihl<4> ^0 ^bit[0..7] deparsed exact_containers [0:3]
          egress::hdr.ip.version<4> ^4 ^bit[0..3] deparsed exact_containers [0:3] ]
    rotational clusters:	
        [[egress::hdr.ip.total_len<16> ^0 ^bit[0..31] deparsed exact_containers [0:15]]]
        [[egress::hdr.ip.ecn<2> ^0 ^bit[0..15] deparsed exact_containers [0:1]]]
        [[egress::hdr.ip.dscp<6> ^2 ^bit[0..13] deparsed exact_containers [0:5]]]
        [[egress::hdr.ip.ihl<4> ^0 ^bit[0..7] deparsed exact_containers [0:3]]]
        [[egress::hdr.ip.version<4> ^4 ^bit[0..3] deparsed exact_containers [0:3]]]

Best Score: {T[n_set_parser_group_gress: 1, n_inc_containers: 1, ], }
Allocation Decisions:
allocate: TW0[0:15] <- egress::hdr.ip.total_len<16> ^0 ^bit[0..31] deparsed exact_containers [0:15] @[-1r,11w]
allocate: TW0[16:17] <- egress::hdr.ip.ecn<2> ^0 ^bit[0..15] deparsed exact_containers [0:1] @[-1r,11w]
allocate: TW0[18:23] <- egress::hdr.ip.dscp<6> ^2 ^bit[0..13] deparsed exact_containers [0:5] @[-1r,11w]
allocate: TW0[24:27] <- egress::hdr.ip.ihl<4> ^0 ^bit[0..7] deparsed exact_containers [0:3] @[-1r,11w]
allocate: TW0[28:31] <- egress::hdr.ip.version<4> ^4 ^bit[0..3] deparsed exact_containers [0:3] @[-1r,11w]
17: TRYING to allocate SUPERCLUSTER Uid: 444
    slice lists:	
        [ ingress::hdr.tcp.window<16> ^0 ^bit[0..127] deparsed exact_containers [0:15]
          ingress::hdr.tcp.flags<8> ^0 ^bit[0..111] deparsed exact_containers [0:7]
          ingress::hdr.tcp.res<4> ^0 ^bit[0..103] deparsed exact_containers [0:3]
          ingress::hdr.tcp.data_offset<4> ^4 ^bit[0..99] deparsed exact_containers [0:3] ]
    rotational clusters:	
        [[ingress::hdr.tcp.window<16> ^0 ^bit[0..127] deparsed exact_containers [0:15]]]
        [[ingress::hdr.tcp.flags<8> ^0 ^bit[0..111] deparsed exact_containers [0:7]]]
        [[ingress::hdr.tcp.res<4> ^0 ^bit[0..103] deparsed exact_containers [0:3]]]
        [[ingress::hdr.tcp.data_offset<4> ^4 ^bit[0..99] deparsed exact_containers [0:3]]]
Successfully Allocated
By slicing into the following superclusters:
SUPERCLUSTER Uid: 801
    slice lists:	
        [ ingress::hdr.tcp.window<16> ^0 ^bit[0..127] deparsed exact_containers [0:15]
          ingress::hdr.tcp.flags<8> ^0 ^bit[0..111] deparsed exact_containers [0:7]
          ingress::hdr.tcp.res<4> ^0 ^bit[0..103] deparsed exact_containers [0:3]
          ingress::hdr.tcp.data_offset<4> ^4 ^bit[0..99] deparsed exact_containers [0:3] ]
    rotational clusters:	
        [[ingress::hdr.tcp.window<16> ^0 ^bit[0..127] deparsed exact_containers [0:15]]]
        [[ingress::hdr.tcp.flags<8> ^0 ^bit[0..111] deparsed exact_containers [0:7]]]
        [[ingress::hdr.tcp.res<4> ^0 ^bit[0..103] deparsed exact_containers [0:3]]]
        [[ingress::hdr.tcp.data_offset<4> ^4 ^bit[0..99] deparsed exact_containers [0:3]]]

Best Score: {n_inc_tphv_collections: 1, T[n_set_gress: 1, n_set_parser_group_gress: 1, n_set_deparser_group_gress: 1, n_inc_containers: 1, ], }
Allocation Decisions:
allocate: TW4[0:15] <- ingress::hdr.tcp.window<16> ^0 ^bit[0..127] deparsed exact_containers [0:15] @[-1r,11w]
allocate: TW4[16:23] <- ingress::hdr.tcp.flags<8> ^0 ^bit[0..111] deparsed exact_containers [0:7] @[-1r,11w]
allocate: TW4[24:27] <- ingress::hdr.tcp.res<4> ^0 ^bit[0..103] deparsed exact_containers [0:3] @[-1r,11w]
allocate: TW4[28:31] <- ingress::hdr.tcp.data_offset<4> ^4 ^bit[0..99] deparsed exact_containers [0:3] @[-1r,11w]
18: TRYING to allocate SUPERCLUSTER Uid: 631
    slice lists:	
        [ egress::hdr.tcp.window<16> ^0 ^bit[0..127] deparsed exact_containers [0:15]
          egress::hdr.tcp.flags<8> ^0 ^bit[0..111] deparsed exact_containers [0:7]
          egress::hdr.tcp.res<4> ^0 ^bit[0..103] deparsed exact_containers [0:3]
          egress::hdr.tcp.data_offset<4> ^4 ^bit[0..99] deparsed exact_containers [0:3] ]
    rotational clusters:	
        [[egress::hdr.tcp.window<16> ^0 ^bit[0..127] deparsed exact_containers [0:15]]]
        [[egress::hdr.tcp.flags<8> ^0 ^bit[0..111] deparsed exact_containers [0:7]]]
        [[egress::hdr.tcp.res<4> ^0 ^bit[0..103] deparsed exact_containers [0:3]]]
        [[egress::hdr.tcp.data_offset<4> ^4 ^bit[0..99] deparsed exact_containers [0:3]]]
Successfully Allocated
By slicing into the following superclusters:
SUPERCLUSTER Uid: 824
    slice lists:	
        [ egress::hdr.tcp.window<16> ^0 ^bit[0..127] deparsed exact_containers [0:15]
          egress::hdr.tcp.flags<8> ^0 ^bit[0..111] deparsed exact_containers [0:7]
          egress::hdr.tcp.res<4> ^0 ^bit[0..103] deparsed exact_containers [0:3]
          egress::hdr.tcp.data_offset<4> ^4 ^bit[0..99] deparsed exact_containers [0:3] ]
    rotational clusters:	
        [[egress::hdr.tcp.window<16> ^0 ^bit[0..127] deparsed exact_containers [0:15]]]
        [[egress::hdr.tcp.flags<8> ^0 ^bit[0..111] deparsed exact_containers [0:7]]]
        [[egress::hdr.tcp.res<4> ^0 ^bit[0..103] deparsed exact_containers [0:3]]]
        [[egress::hdr.tcp.data_offset<4> ^4 ^bit[0..99] deparsed exact_containers [0:3]]]

Best Score: {T[n_set_parser_group_gress: 1, n_inc_containers: 1, ], }
Allocation Decisions:
allocate: TW1[0:15] <- egress::hdr.tcp.window<16> ^0 ^bit[0..127] deparsed exact_containers [0:15] @[-1r,11w]
allocate: TW1[16:23] <- egress::hdr.tcp.flags<8> ^0 ^bit[0..111] deparsed exact_containers [0:7] @[-1r,11w]
allocate: TW1[24:27] <- egress::hdr.tcp.res<4> ^0 ^bit[0..103] deparsed exact_containers [0:3] @[-1r,11w]
allocate: TW1[28:31] <- egress::hdr.tcp.data_offset<4> ^4 ^bit[0..99] deparsed exact_containers [0:3] @[-1r,11w]
19: TRYING to allocate SUPERCLUSTER Uid: 432
    slice lists:	
        [ ingress::hdr.ip.hdr_checksum<16> ^0 ^bit[0..95] deparsed exact_containers [0:15]
          ingress::hdr.ip.protocol<8> ^0 ^bit[0..79] deparsed exact_containers [0:7]
          ingress::hdr.ip.ttl<8> ^0 ^bit[0..71] deparsed exact_containers [0:7] ]
    rotational clusters:	
        [[ingress::hdr.ip.hdr_checksum<16> ^0 ^bit[0..95] deparsed exact_containers [0:15]]]
        [[ingress::hdr.ip.protocol<8> ^0 ^bit[0..79] deparsed exact_containers [0:7]]]
        [[ingress::hdr.ip.ttl<8> ^0 ^bit[0..71] deparsed exact_containers [0:7]]]
Successfully Allocated
By slicing into the following superclusters:
SUPERCLUSTER Uid: 849
    slice lists:	
        [ ingress::hdr.ip.hdr_checksum<16> ^0 ^bit[0..95] deparsed exact_containers [0:15] ]
    rotational clusters:	
        [[ingress::hdr.ip.hdr_checksum<16> ^0 ^bit[0..95] deparsed exact_containers [0:15]]]

SUPERCLUSTER Uid: 851
    slice lists:	
        [ ingress::hdr.ip.protocol<8> ^0 ^bit[0..79] deparsed exact_containers [0:7] ]
    rotational clusters:	
        [[ingress::hdr.ip.protocol<8> ^0 ^bit[0..79] deparsed exact_containers [0:7]]]

SUPERCLUSTER Uid: 852
    slice lists:	
        [ ingress::hdr.ip.ttl<8> ^0 ^bit[0..71] deparsed exact_containers [0:7] ]
    rotational clusters:	
        [[ingress::hdr.ip.ttl<8> ^0 ^bit[0..71] deparsed exact_containers [0:7]]]

Best Score: {T[n_set_parser_group_gress: 2, n_inc_containers: 2, ], [n_inc_containers: 1, n_inc_small_containers: 1, ], }
Allocation Decisions:
allocate: TH6[0:15] <- ingress::hdr.ip.hdr_checksum<16> ^0 ^bit[0..95] deparsed exact_containers [0:15] @[-1r,11w]
allocate: TB4[0:7] <- ingress::hdr.ip.ttl<8> ^0 ^bit[0..71] deparsed exact_containers [0:7] @[-1r,11w]
allocate: B1[0:7] <- ingress::hdr.ip.protocol<8> ^0 ^bit[0..79] deparsed exact_containers [0:7] @[-1r,11w]
20: TRYING to allocate SUPERCLUSTER Uid: 434
    slice lists:	
        [ ingress::hdr.ip.frag_offset<13> ^0 ^bit[0..63] deparsed exact_containers [0:12]
          ingress::hdr.ip.flags<3> ^5 ^bit[0..50] deparsed exact_containers [0:2]
          ingress::hdr.ip.identification<16> ^0 ^bit[0..47] deparsed exact_containers [0:15] ]
    rotational clusters:	
        [[ingress::hdr.ip.frag_offset<13> ^0 ^bit[0..63] deparsed exact_containers [0:12]]]
        [[ingress::hdr.ip.flags<3> ^5 ^bit[0..50] deparsed exact_containers [0:2]]]
        [[ingress::hdr.ip.identification<16> ^0 ^bit[0..47] deparsed exact_containers [0:15]]]
Successfully Allocated
By slicing into the following superclusters:
SUPERCLUSTER Uid: 870
    slice lists:	
        [ ingress::hdr.ip.frag_offset<13> ^0 ^bit[0..63] deparsed exact_containers [0:12]
          ingress::hdr.ip.flags<3> ^5 ^bit[0..50] deparsed exact_containers [0:2]
          ingress::hdr.ip.identification<16> ^0 ^bit[0..47] deparsed exact_containers [0:15] ]
    rotational clusters:	
        [[ingress::hdr.ip.frag_offset<13> ^0 ^bit[0..63] deparsed exact_containers [0:12]]]
        [[ingress::hdr.ip.flags<3> ^5 ^bit[0..50] deparsed exact_containers [0:2]]]
        [[ingress::hdr.ip.identification<16> ^0 ^bit[0..47] deparsed exact_containers [0:15]]]

Best Score: {T[n_set_parser_group_gress: 1, n_inc_containers: 1, ], }
Allocation Decisions:
allocate: TW5[0:12] <- ingress::hdr.ip.frag_offset<13> ^0 ^bit[0..63] deparsed exact_containers [0:12] @[-1r,11w]
allocate: TW5[13:15] <- ingress::hdr.ip.flags<3> ^5 ^bit[0..50] deparsed exact_containers [0:2] @[-1r,11w]
allocate: TW5[16:31] <- ingress::hdr.ip.identification<16> ^0 ^bit[0..47] deparsed exact_containers [0:15] @[-1r,11w]
21: TRYING to allocate SUPERCLUSTER Uid: 620
    slice lists:	
        [ egress::hdr.ip.hdr_checksum<16> ^0 ^bit[0..95] deparsed exact_containers [0:15]
          egress::hdr.ip.protocol<8> ^0 ^bit[0..79] deparsed exact_containers [0:7]
          egress::hdr.ip.ttl<8> ^0 ^bit[0..71] deparsed exact_containers [0:7] ]
    rotational clusters:	
        [[egress::hdr.ip.hdr_checksum<16> ^0 ^bit[0..95] deparsed exact_containers [0:15]]]
        [[egress::hdr.ip.protocol<8> ^0 ^bit[0..79] deparsed exact_containers [0:7]]]
        [[egress::hdr.ip.ttl<8> ^0 ^bit[0..71] deparsed exact_containers [0:7]]]
Successfully Allocated
By slicing into the following superclusters:
SUPERCLUSTER Uid: 905
    slice lists:	
        [ egress::hdr.ip.hdr_checksum<16> ^0 ^bit[0..95] deparsed exact_containers [0:15]
          egress::hdr.ip.protocol<8> ^0 ^bit[0..79] deparsed exact_containers [0:7]
          egress::hdr.ip.ttl<8> ^0 ^bit[0..71] deparsed exact_containers [0:7] ]
    rotational clusters:	
        [[egress::hdr.ip.hdr_checksum<16> ^0 ^bit[0..95] deparsed exact_containers [0:15]]]
        [[egress::hdr.ip.protocol<8> ^0 ^bit[0..79] deparsed exact_containers [0:7]]]
        [[egress::hdr.ip.ttl<8> ^0 ^bit[0..71] deparsed exact_containers [0:7]]]

Best Score: {T[n_set_parser_group_gress: 1, n_inc_containers: 1, ], }
Allocation Decisions:
allocate: TW2[0:15] <- egress::hdr.ip.hdr_checksum<16> ^0 ^bit[0..95] deparsed exact_containers [0:15] @[-1r,11w]
allocate: TW2[16:23] <- egress::hdr.ip.protocol<8> ^0 ^bit[0..79] deparsed exact_containers [0:7] @[-1r,11w]
allocate: TW2[24:31] <- egress::hdr.ip.ttl<8> ^0 ^bit[0..71] deparsed exact_containers [0:7] @[-1r,11w]
22: TRYING to allocate SUPERCLUSTER Uid: 622
    slice lists:	
        [ egress::hdr.ip.frag_offset<13> ^0 ^bit[0..63] deparsed exact_containers [0:12]
          egress::hdr.ip.flags<3> ^5 ^bit[0..50] deparsed exact_containers [0:2]
          egress::hdr.ip.identification<16> ^0 ^bit[0..47] deparsed exact_containers [0:15] ]
    rotational clusters:	
        [[egress::hdr.ip.frag_offset<13> ^0 ^bit[0..63] deparsed exact_containers [0:12]]]
        [[egress::hdr.ip.flags<3> ^5 ^bit[0..50] deparsed exact_containers [0:2]]]
        [[egress::hdr.ip.identification<16> ^0 ^bit[0..47] deparsed exact_containers [0:15]]]
Successfully Allocated
By slicing into the following superclusters:
SUPERCLUSTER Uid: 928
    slice lists:	
        [ egress::hdr.ip.frag_offset<13> ^0 ^bit[0..63] deparsed exact_containers [0:12]
          egress::hdr.ip.flags<3> ^5 ^bit[0..50] deparsed exact_containers [0:2]
          egress::hdr.ip.identification<16> ^0 ^bit[0..47] deparsed exact_containers [0:15] ]
    rotational clusters:	
        [[egress::hdr.ip.frag_offset<13> ^0 ^bit[0..63] deparsed exact_containers [0:12]]]
        [[egress::hdr.ip.flags<3> ^5 ^bit[0..50] deparsed exact_containers [0:2]]]
        [[egress::hdr.ip.identification<16> ^0 ^bit[0..47] deparsed exact_containers [0:15]]]

Best Score: {T[n_set_parser_group_gress: 1, n_inc_containers: 1, ], }
Allocation Decisions:
allocate: TW3[0:12] <- egress::hdr.ip.frag_offset<13> ^0 ^bit[0..63] deparsed exact_containers [0:12] @[-1r,11w]
allocate: TW3[13:15] <- egress::hdr.ip.flags<3> ^5 ^bit[0..50] deparsed exact_containers [0:2] @[-1r,11w]
allocate: TW3[16:31] <- egress::hdr.ip.identification<16> ^0 ^bit[0..47] deparsed exact_containers [0:15] @[-1r,11w]
23: TRYING to allocate SUPERCLUSTER Uid: 440
    slice lists:	
        [ ingress::hdr.udp.checksum<16> ^0 ^bit[0..63] deparsed exact_containers [0:15]
          ingress::hdr.udp.hdr_lenght<16> ^0 ^bit[0..47] deparsed exact_containers [0:15] ]
    rotational clusters:	
        [[ingress::hdr.udp.checksum<16> ^0 ^bit[0..63] deparsed exact_containers [0:15]]]
        [[ingress::hdr.udp.hdr_lenght<16> ^0 ^bit[0..47] deparsed exact_containers [0:15]]]
Successfully Allocated
By slicing into the following superclusters:
SUPERCLUSTER Uid: 963
    slice lists:	
        [ ingress::hdr.udp.checksum<16> ^0 ^bit[0..63] deparsed exact_containers [0:15]
          ingress::hdr.udp.hdr_lenght<16> ^0 ^bit[0..47] deparsed exact_containers [0:15] ]
    rotational clusters:	
        [[ingress::hdr.udp.checksum<16> ^0 ^bit[0..63] deparsed exact_containers [0:15]]]
        [[ingress::hdr.udp.hdr_lenght<16> ^0 ^bit[0..47] deparsed exact_containers [0:15]]]

Best Score: {T[n_overlay_bits: 32, ], }
Allocation Decisions:
allocate: TW4[0:15] <- ingress::hdr.udp.checksum<16> ^0 ^bit[0..63] deparsed exact_containers [0:15] @[-1r,11w]
allocate: TW4[16:31] <- ingress::hdr.udp.hdr_lenght<16> ^0 ^bit[0..47] deparsed exact_containers [0:15] @[-1r,11w]
24: TRYING to allocate SUPERCLUSTER Uid: 442
    slice lists:	
        [ ingress::hdr.tcp.urgent_ptr<16> ^0 ^bit[0..159] deparsed exact_containers [0:15]
          ingress::hdr.tcp.checksum<16> ^0 ^bit[0..143] deparsed exact_containers [0:15] ]
    rotational clusters:	
        [[ingress::hdr.tcp.urgent_ptr<16> ^0 ^bit[0..159] deparsed exact_containers [0:15]]]
        [[ingress::hdr.tcp.checksum<16> ^0 ^bit[0..143] deparsed exact_containers [0:15]]]
Successfully Allocated
By slicing into the following superclusters:
SUPERCLUSTER Uid: 998
    slice lists:	
        [ ingress::hdr.tcp.urgent_ptr<16> ^0 ^bit[0..159] deparsed exact_containers [0:15]
          ingress::hdr.tcp.checksum<16> ^0 ^bit[0..143] deparsed exact_containers [0:15] ]
    rotational clusters:	
        [[ingress::hdr.tcp.urgent_ptr<16> ^0 ^bit[0..159] deparsed exact_containers [0:15]]]
        [[ingress::hdr.tcp.checksum<16> ^0 ^bit[0..143] deparsed exact_containers [0:15]]]

Best Score: {T[n_set_parser_group_gress: 1, n_inc_containers: 1, ], }
Allocation Decisions:
allocate: TW6[0:15] <- ingress::hdr.tcp.urgent_ptr<16> ^0 ^bit[0..159] deparsed exact_containers [0:15] @[-1r,11w]
allocate: TW6[16:31] <- ingress::hdr.tcp.checksum<16> ^0 ^bit[0..143] deparsed exact_containers [0:15] @[-1r,11w]
25: TRYING to allocate SUPERCLUSTER Uid: 629
    slice lists:	
        [ egress::hdr.tcp.urgent_ptr<16> ^0 ^bit[0..159] deparsed exact_containers [0:15]
          egress::hdr.tcp.checksum<16> ^0 ^bit[0..143] deparsed exact_containers [0:15] ]
    rotational clusters:	
        [[egress::hdr.tcp.urgent_ptr<16> ^0 ^bit[0..159] deparsed exact_containers [0:15]]]
        [[egress::hdr.tcp.checksum<16> ^0 ^bit[0..143] deparsed exact_containers [0:15]]]
Successfully Allocated
By slicing into the following superclusters:
SUPERCLUSTER Uid: 1034
    slice lists:	
        [ egress::hdr.tcp.urgent_ptr<16> ^0 ^bit[0..159] deparsed exact_containers [0:15] ]
    rotational clusters:	
        [[egress::hdr.tcp.urgent_ptr<16> ^0 ^bit[0..159] deparsed exact_containers [0:15]]]

SUPERCLUSTER Uid: 1036
    slice lists:	
        [ egress::hdr.tcp.checksum<16> ^0 ^bit[0..143] deparsed exact_containers [0:15] ]
    rotational clusters:	
        [[egress::hdr.tcp.checksum<16> ^0 ^bit[0..143] deparsed exact_containers [0:15]]]

Best Score: {T[n_set_parser_group_gress: 2, n_inc_containers: 2, ], }
Allocation Decisions:
allocate: TH0[0:15] <- egress::hdr.tcp.urgent_ptr<16> ^0 ^bit[0..159] deparsed exact_containers [0:15] @[-1r,11w]
allocate: TH1[0:15] <- egress::hdr.tcp.checksum<16> ^0 ^bit[0..143] deparsed exact_containers [0:15] @[-1r,11w]
26: TRYING to allocate SUPERCLUSTER Uid: 637
    slice lists:	
        [ egress::hdr.tcp.dst_port<16> ^0 ^bit[0..31] deparsed exact_containers [0:15]
          egress::hdr.tcp.src_port<16> ^0 ^bit[0..15] deparsed exact_containers [0:15] ]
    rotational clusters:	
        [[egress::hdr.tcp.dst_port<16> ^0 ^bit[0..31] deparsed exact_containers [0:15]]]
        [[egress::hdr.tcp.src_port<16> ^0 ^bit[0..15] deparsed exact_containers [0:15]]]
Successfully Allocated
By slicing into the following superclusters:
SUPERCLUSTER Uid: 1069
    slice lists:	
        [ egress::hdr.tcp.dst_port<16> ^0 ^bit[0..31] deparsed exact_containers [0:15] ]
    rotational clusters:	
        [[egress::hdr.tcp.dst_port<16> ^0 ^bit[0..31] deparsed exact_containers [0:15]]]

SUPERCLUSTER Uid: 1071
    slice lists:	
        [ egress::hdr.tcp.src_port<16> ^0 ^bit[0..15] deparsed exact_containers [0:15] ]
    rotational clusters:	
        [[egress::hdr.tcp.src_port<16> ^0 ^bit[0..15] deparsed exact_containers [0:15]]]

Best Score: {T[n_set_parser_group_gress: 2, n_inc_containers: 2, ], }
Allocation Decisions:
allocate: TH2[0:15] <- egress::hdr.tcp.dst_port<16> ^0 ^bit[0..31] deparsed exact_containers [0:15] @[-1r,11w]
allocate: TH3[0:15] <- egress::hdr.tcp.src_port<16> ^0 ^bit[0..15] deparsed exact_containers [0:15] @[-1r,11w]
27: TRYING to allocate SUPERCLUSTER Uid: 642
    slice lists:	
        [ egress::hdr.udp.checksum<16> ^0 ^bit[0..63] deparsed exact_containers [0:15]
          egress::hdr.udp.hdr_lenght<16> ^0 ^bit[0..47] deparsed exact_containers [0:15] ]
    rotational clusters:	
        [[egress::hdr.udp.checksum<16> ^0 ^bit[0..63] deparsed exact_containers [0:15]]]
        [[egress::hdr.udp.hdr_lenght<16> ^0 ^bit[0..47] deparsed exact_containers [0:15]]]
Successfully Allocated
By slicing into the following superclusters:
SUPERCLUSTER Uid: 1103
    slice lists:	
        [ egress::hdr.udp.checksum<16> ^0 ^bit[0..63] deparsed exact_containers [0:15]
          egress::hdr.udp.hdr_lenght<16> ^0 ^bit[0..47] deparsed exact_containers [0:15] ]
    rotational clusters:	
        [[egress::hdr.udp.checksum<16> ^0 ^bit[0..63] deparsed exact_containers [0:15]]]
        [[egress::hdr.udp.hdr_lenght<16> ^0 ^bit[0..47] deparsed exact_containers [0:15]]]

Best Score: {T[n_overlay_bits: 32, ], }
Allocation Decisions:
allocate: TW1[0:15] <- egress::hdr.udp.checksum<16> ^0 ^bit[0..63] deparsed exact_containers [0:15] @[-1r,11w]
allocate: TW1[16:31] <- egress::hdr.udp.hdr_lenght<16> ^0 ^bit[0..47] deparsed exact_containers [0:15] @[-1r,11w]
28: TRYING to allocate SUPERCLUSTER Uid: 644
    slice lists:	
        [ egress::hdr.udp.dst_port<16> ^0 ^bit[0..31] deparsed exact_containers [0:15]
          egress::hdr.udp.src_port<16> ^0 ^bit[0..15] deparsed exact_containers [0:15] ]
    rotational clusters:	
        [[egress::hdr.udp.dst_port<16> ^0 ^bit[0..31] deparsed exact_containers [0:15]]]
        [[egress::hdr.udp.src_port<16> ^0 ^bit[0..15] deparsed exact_containers [0:15]]]
Successfully Allocated
By slicing into the following superclusters:
SUPERCLUSTER Uid: 1139
    slice lists:	
        [ egress::hdr.udp.dst_port<16> ^0 ^bit[0..31] deparsed exact_containers [0:15] ]
    rotational clusters:	
        [[egress::hdr.udp.dst_port<16> ^0 ^bit[0..31] deparsed exact_containers [0:15]]]

SUPERCLUSTER Uid: 1141
    slice lists:	
        [ egress::hdr.udp.src_port<16> ^0 ^bit[0..15] deparsed exact_containers [0:15] ]
    rotational clusters:	
        [[egress::hdr.udp.src_port<16> ^0 ^bit[0..15] deparsed exact_containers [0:15]]]

Best Score: {T[n_overlay_bits: 32, ], }
Allocation Decisions:
allocate: TH0[0:15] <- egress::hdr.udp.dst_port<16> ^0 ^bit[0..31] deparsed exact_containers [0:15] @[-1r,11w]
allocate: TH1[0:15] <- egress::hdr.udp.src_port<16> ^0 ^bit[0..15] deparsed exact_containers [0:15] @[-1r,11w]
29: TRYING to allocate SUPERCLUSTER Uid: 409
    slice lists:	
        [ ingress::hdr.ethernet.src_addr<48> ^0 ^bit[0..223] deparsed exact_containers [0:31] ]
    rotational clusters:	
        [[ingress::hdr.ethernet.src_addr<48> ^0 ^bit[0..223] deparsed exact_containers [0:31]]]
Successfully Allocated
By slicing into the following superclusters:
SUPERCLUSTER Uid: 1173
    slice lists:	
        [ ingress::hdr.ethernet.src_addr<48> ^0 ^bit[0..223] deparsed exact_containers [0:31] ]
    rotational clusters:	
        [[ingress::hdr.ethernet.src_addr<48> ^0 ^bit[0..223] deparsed exact_containers [0:31]]]

Best Score: {T[n_set_parser_group_gress: 1, n_inc_containers: 1, ], }
Allocation Decisions:
allocate: TW7[0:31] <- ingress::hdr.ethernet.src_addr<48> ^0 ^bit[0..223] deparsed exact_containers [0:31] @[-1r,11w]
30: TRYING to allocate SUPERCLUSTER Uid: 416
    slice lists:	
        [ ingress::hdr.ethernet.dst_addr<48> ^0 ^bit[0..175] deparsed exact_containers [0:31] ]
    rotational clusters:	
        [[ingress::hdr.ethernet.dst_addr<48> ^0 ^bit[0..175] deparsed exact_containers [0:31]]]
Successfully Allocated
By slicing into the following superclusters:
SUPERCLUSTER Uid: 1216
    slice lists:	
        [ ingress::hdr.ethernet.dst_addr<48> ^0 ^bit[0..175] deparsed exact_containers [0:31] ]
    rotational clusters:	
        [[ingress::hdr.ethernet.dst_addr<48> ^0 ^bit[0..175] deparsed exact_containers [0:31]]]

Best Score: {[n_inc_containers: 1, ], }
Allocation Decisions:
allocate: W14[0:31] <- ingress::hdr.ethernet.dst_addr<48> ^0 ^bit[0..175] deparsed exact_containers [0:31] @[-1r,11w]
31: TRYING to allocate SUPERCLUSTER Uid: 429
    slice lists:	
        [ ingress::hdr.ip.dst_addr<32> ^0 ^bit[0..159] deparsed exact_containers [0:31] ]
    rotational clusters:	
        [[ingress::hdr.ip.dst_addr<32> ^0 ^bit[0..159] deparsed exact_containers [0:31]]]
Successfully Allocated
By slicing into the following superclusters:
SUPERCLUSTER Uid: 1259
    slice lists:	
        [ ingress::hdr.ip.dst_addr<32> ^0 ^bit[0..159] deparsed exact_containers [0:31] ]
    rotational clusters:	
        [[ingress::hdr.ip.dst_addr<32> ^0 ^bit[0..159] deparsed exact_containers [0:31]]]

Best Score: {[n_inc_containers: 1, ], }
Allocation Decisions:
allocate: W15[0:31] <- ingress::hdr.ip.dst_addr<32> ^0 ^bit[0..159] deparsed exact_containers [0:31] @[-1r,11w]
32: TRYING to allocate SUPERCLUSTER Uid: 431
    slice lists:	
        [ ingress::hdr.ip.src_addr<32> ^0 ^bit[0..127] deparsed exact_containers [0:31] ]
    rotational clusters:	
        [[ingress::hdr.ip.src_addr<32> ^0 ^bit[0..127] deparsed exact_containers [0:31]]]
Successfully Allocated
By slicing into the following superclusters:
SUPERCLUSTER Uid: 1302
    slice lists:	
        [ ingress::hdr.ip.src_addr<32> ^0 ^bit[0..127] deparsed exact_containers [0:31] ]
    rotational clusters:	
        [[ingress::hdr.ip.src_addr<32> ^0 ^bit[0..127] deparsed exact_containers [0:31]]]

Best Score: {[n_set_gress: 1, n_set_parser_group_gress: 1, n_set_deparser_group_gress: 1, n_inc_containers: 1, ], }
Allocation Decisions:
allocate: W32[0:31] <- ingress::hdr.ip.src_addr<32> ^0 ^bit[0..127] deparsed exact_containers [0:31] @[-1r,11w]
33: TRYING to allocate SUPERCLUSTER Uid: 447
    slice lists:	
        [ ingress::hdr.tcp.ack_no<32> ^0 ^bit[0..95] deparsed exact_containers [0:31] ]
    rotational clusters:	
        [[ingress::hdr.tcp.ack_no<32> ^0 ^bit[0..95] deparsed exact_containers [0:31]]]
Successfully Allocated
By slicing into the following superclusters:
SUPERCLUSTER Uid: 1350
    slice lists:	
        [ ingress::hdr.tcp.ack_no<32> ^0 ^bit[0..95] deparsed exact_containers [0:15] ]
    rotational clusters:	
        [[ingress::hdr.tcp.ack_no<32> ^0 ^bit[0..95] deparsed exact_containers [0:15]]]

SUPERCLUSTER Uid: 1352
    slice lists:	
        [ ingress::hdr.tcp.ack_no<32> ^0 ^bit[0..79] deparsed exact_containers [16:31] ]
    rotational clusters:	
        [[ingress::hdr.tcp.ack_no<32> ^0 ^bit[0..79] deparsed exact_containers [16:31]]]

Best Score: {T[n_set_parser_group_gress: 2, n_inc_containers: 2, ], }
Allocation Decisions:
allocate: TH7[0:15] <- ingress::hdr.tcp.ack_no<32> ^0 ^bit[0..95] deparsed exact_containers [0:15] @[-1r,11w]
allocate: TH8[0:15] <- ingress::hdr.tcp.ack_no<32> ^0 ^bit[0..79] deparsed exact_containers [16:31] @[-1r,11w]
34: TRYING to allocate SUPERCLUSTER Uid: 449
    slice lists:	
        [ ingress::hdr.tcp.seq_no<32> ^0 ^bit[0..63] deparsed exact_containers [0:31] ]
    rotational clusters:	
        [[ingress::hdr.tcp.seq_no<32> ^0 ^bit[0..63] deparsed exact_containers [0:31]]]
Successfully Allocated
By slicing into the following superclusters:
SUPERCLUSTER Uid: 1393
    slice lists:	
        [ ingress::hdr.tcp.seq_no<32> ^0 ^bit[0..63] deparsed exact_containers [0:15] ]
    rotational clusters:	
        [[ingress::hdr.tcp.seq_no<32> ^0 ^bit[0..63] deparsed exact_containers [0:15]]]

SUPERCLUSTER Uid: 1395
    slice lists:	
        [ ingress::hdr.tcp.seq_no<32> ^0 ^bit[0..47] deparsed exact_containers [16:31] ]
    rotational clusters:	
        [[ingress::hdr.tcp.seq_no<32> ^0 ^bit[0..47] deparsed exact_containers [16:31]]]

Best Score: {T[n_set_parser_group_gress: 2, n_inc_containers: 2, ], }
Allocation Decisions:
allocate: TH9[0:15] <- ingress::hdr.tcp.seq_no<32> ^0 ^bit[0..63] deparsed exact_containers [0:15] @[-1r,11w]
allocate: TH10[0:15] <- ingress::hdr.tcp.seq_no<32> ^0 ^bit[0..47] deparsed exact_containers [16:31] @[-1r,11w]
35: TRYING to allocate SUPERCLUSTER Uid: 533
    slice lists:	
        [ egress::hdr.min_parse_depth_padding_0[0].packet_payload<88> ^0 ^bit[0..87] deparsed exact_containers [0:31] ]
    rotational clusters:	
        [[egress::hdr.min_parse_depth_padding_0[0].packet_payload<88> ^0 ^bit[0..87] deparsed exact_containers [0:31]]]
Successfully Allocated
By slicing into the following superclusters:
SUPERCLUSTER Uid: 1436
    slice lists:	
        [ egress::hdr.min_parse_depth_padding_0[0].packet_payload<88> ^0 ^bit[0..87] deparsed exact_containers [0:15] ]
    rotational clusters:	
        [[egress::hdr.min_parse_depth_padding_0[0].packet_payload<88> ^0 ^bit[0..87] deparsed exact_containers [0:15]]]

SUPERCLUSTER Uid: 1438
    slice lists:	
        [ egress::hdr.min_parse_depth_padding_0[0].packet_payload<88> ^0 ^bit[0..71] deparsed exact_containers [16:31] ]
    rotational clusters:	
        [[egress::hdr.min_parse_depth_padding_0[0].packet_payload<88> ^0 ^bit[0..71] deparsed exact_containers [16:31]]]

Best Score: {T[n_set_parser_group_gress: 2, n_inc_containers: 2, ], }
Allocation Decisions:
allocate: TH4[0:15] <- egress::hdr.min_parse_depth_padding_0[0].packet_payload<88> ^0 ^bit[0..87] deparsed exact_containers [0:15] @[-1r,11w]
allocate: TH5[0:15] <- egress::hdr.min_parse_depth_padding_0[0].packet_payload<88> ^0 ^bit[0..71] deparsed exact_containers [16:31] @[-1r,11w]
36: TRYING to allocate SUPERCLUSTER Uid: 539
    slice lists:	
        [ egress::hdr.min_parse_depth_padding_0[0].packet_payload<88> ^0 ^bit[0..55] deparsed exact_containers [32:63] ]
    rotational clusters:	
        [[egress::hdr.min_parse_depth_padding_0[0].packet_payload<88> ^0 ^bit[0..55] deparsed exact_containers [32:63]]]
Successfully Allocated
By slicing into the following superclusters:
SUPERCLUSTER Uid: 1474
    slice lists:	
        [ egress::hdr.min_parse_depth_padding_0[0].packet_payload<88> ^0 ^bit[0..55] deparsed exact_containers [32:63] ]
    rotational clusters:	
        [[egress::hdr.min_parse_depth_padding_0[0].packet_payload<88> ^0 ^bit[0..55] deparsed exact_containers [32:63]]]

Best Score: {n_inc_tphv_collections: 1, T[n_set_gress: 1, n_set_parser_group_gress: 1, n_set_deparser_group_gress: 1, n_inc_containers: 1, ], }
Allocation Decisions:
allocate: TW8[0:31] <- egress::hdr.min_parse_depth_padding_0[0].packet_payload<88> ^0 ^bit[0..55] deparsed exact_containers [32:63] @[-1r,11w]
37: TRYING to allocate SUPERCLUSTER Uid: 555
    slice lists:	
        [ egress::hdr.min_parse_depth_padding_0[1].packet_payload<88> ^0 ^bit[0..87] deparsed exact_containers [0:31] ]
    rotational clusters:	
        [[egress::hdr.min_parse_depth_padding_0[1].packet_payload<88> ^0 ^bit[0..87] deparsed exact_containers [0:31]]]
Successfully Allocated
By slicing into the following superclusters:
SUPERCLUSTER Uid: 1517
    slice lists:	
        [ egress::hdr.min_parse_depth_padding_0[1].packet_payload<88> ^0 ^bit[0..87] deparsed exact_containers [0:31] ]
    rotational clusters:	
        [[egress::hdr.min_parse_depth_padding_0[1].packet_payload<88> ^0 ^bit[0..87] deparsed exact_containers [0:31]]]

Best Score: {T[n_set_parser_group_gress: 1, n_inc_containers: 1, ], }
Allocation Decisions:
allocate: TW9[0:31] <- egress::hdr.min_parse_depth_padding_0[1].packet_payload<88> ^0 ^bit[0..87] deparsed exact_containers [0:31] @[-1r,11w]
38: TRYING to allocate SUPERCLUSTER Uid: 561
    slice lists:	
        [ egress::hdr.min_parse_depth_padding_0[1].packet_payload<88> ^0 ^bit[0..55] deparsed exact_containers [32:63] ]
    rotational clusters:	
        [[egress::hdr.min_parse_depth_padding_0[1].packet_payload<88> ^0 ^bit[0..55] deparsed exact_containers [32:63]]]
Successfully Allocated
By slicing into the following superclusters:
SUPERCLUSTER Uid: 1560
    slice lists:	
        [ egress::hdr.min_parse_depth_padding_0[1].packet_payload<88> ^0 ^bit[0..55] deparsed exact_containers [32:63] ]
    rotational clusters:	
        [[egress::hdr.min_parse_depth_padding_0[1].packet_payload<88> ^0 ^bit[0..55] deparsed exact_containers [32:63]]]

Best Score: {T[n_set_parser_group_gress: 1, n_inc_containers: 1, ], }
Allocation Decisions:
allocate: TW10[0:31] <- egress::hdr.min_parse_depth_padding_0[1].packet_payload<88> ^0 ^bit[0..55] deparsed exact_containers [32:63] @[-1r,11w]
39: TRYING to allocate SUPERCLUSTER Uid: 577
    slice lists:	
        [ egress::hdr.min_parse_depth_padding_0[2].packet_payload<88> ^0 ^bit[0..87] deparsed exact_containers [0:31] ]
    rotational clusters:	
        [[egress::hdr.min_parse_depth_padding_0[2].packet_payload<88> ^0 ^bit[0..87] deparsed exact_containers [0:31]]]
Successfully Allocated
By slicing into the following superclusters:
SUPERCLUSTER Uid: 1603
    slice lists:	
        [ egress::hdr.min_parse_depth_padding_0[2].packet_payload<88> ^0 ^bit[0..87] deparsed exact_containers [0:31] ]
    rotational clusters:	
        [[egress::hdr.min_parse_depth_padding_0[2].packet_payload<88> ^0 ^bit[0..87] deparsed exact_containers [0:31]]]

Best Score: {T[n_set_parser_group_gress: 1, n_inc_containers: 1, ], }
Allocation Decisions:
allocate: TW11[0:31] <- egress::hdr.min_parse_depth_padding_0[2].packet_payload<88> ^0 ^bit[0..87] deparsed exact_containers [0:31] @[-1r,11w]
40: TRYING to allocate SUPERCLUSTER Uid: 583
    slice lists:	
        [ egress::hdr.min_parse_depth_padding_0[2].packet_payload<88> ^0 ^bit[0..55] deparsed exact_containers [32:63] ]
    rotational clusters:	
        [[egress::hdr.min_parse_depth_padding_0[2].packet_payload<88> ^0 ^bit[0..55] deparsed exact_containers [32:63]]]
Successfully Allocated
By slicing into the following superclusters:
SUPERCLUSTER Uid: 1651
    slice lists:	
        [ egress::hdr.min_parse_depth_padding_0[2].packet_payload<88> ^0 ^bit[0..55] deparsed exact_containers [32:47] ]
    rotational clusters:	
        [[egress::hdr.min_parse_depth_padding_0[2].packet_payload<88> ^0 ^bit[0..55] deparsed exact_containers [32:47]]]

SUPERCLUSTER Uid: 1653
    slice lists:	
        [ egress::hdr.min_parse_depth_padding_0[2].packet_payload<88> ^0 ^bit[0..39] deparsed exact_containers [48:63] ]
    rotational clusters:	
        [[egress::hdr.min_parse_depth_padding_0[2].packet_payload<88> ^0 ^bit[0..39] deparsed exact_containers [48:63]]]

Best Score: {T[n_set_parser_group_gress: 2, n_inc_containers: 2, ], }
Allocation Decisions:
allocate: TH12[0:15] <- egress::hdr.min_parse_depth_padding_0[2].packet_payload<88> ^0 ^bit[0..55] deparsed exact_containers [32:47] @[-1r,11w]
allocate: TH13[0:15] <- egress::hdr.min_parse_depth_padding_0[2].packet_payload<88> ^0 ^bit[0..39] deparsed exact_containers [48:63] @[-1r,11w]
41: TRYING to allocate SUPERCLUSTER Uid: 602
    slice lists:	
        [ egress::hdr.ethernet.src_addr<48> ^0 ^bit[0..311] deparsed exact_containers [0:31] ]
    rotational clusters:	
        [[egress::hdr.ethernet.src_addr<48> ^0 ^bit[0..311] deparsed exact_containers [0:31]]]
Successfully Allocated
By slicing into the following superclusters:
SUPERCLUSTER Uid: 1694
    slice lists:	
        [ egress::hdr.ethernet.src_addr<48> ^0 ^bit[0..311] deparsed exact_containers [0:15] ]
    rotational clusters:	
        [[egress::hdr.ethernet.src_addr<48> ^0 ^bit[0..311] deparsed exact_containers [0:15]]]

SUPERCLUSTER Uid: 1696
    slice lists:	
        [ egress::hdr.ethernet.src_addr<48> ^0 ^bit[0..295] deparsed exact_containers [16:31] ]
    rotational clusters:	
        [[egress::hdr.ethernet.src_addr<48> ^0 ^bit[0..295] deparsed exact_containers [16:31]]]

Best Score: {T[n_set_parser_group_gress: 2, n_inc_containers: 2, ], }
Allocation Decisions:
allocate: TH14[0:15] <- egress::hdr.ethernet.src_addr<48> ^0 ^bit[0..311] deparsed exact_containers [0:15] @[-1r,11w]
allocate: TH15[0:15] <- egress::hdr.ethernet.src_addr<48> ^0 ^bit[0..295] deparsed exact_containers [16:31] @[-1r,11w]
42: TRYING to allocate SUPERCLUSTER Uid: 609
    slice lists:	
        [ egress::hdr.ethernet.dst_addr<48> ^0 ^bit[0..263] deparsed exact_containers [0:31] ]
    rotational clusters:	
        [[egress::hdr.ethernet.dst_addr<48> ^0 ^bit[0..263] deparsed exact_containers [0:31]]]
Successfully Allocated
By slicing into the following superclusters:
SUPERCLUSTER Uid: 1737
    slice lists:	
        [ egress::hdr.ethernet.dst_addr<48> ^0 ^bit[0..263] deparsed exact_containers [0:15] ]
    rotational clusters:	
        [[egress::hdr.ethernet.dst_addr<48> ^0 ^bit[0..263] deparsed exact_containers [0:15]]]

SUPERCLUSTER Uid: 1739
    slice lists:	
        [ egress::hdr.ethernet.dst_addr<48> ^0 ^bit[0..247] deparsed exact_containers [16:31] ]
    rotational clusters:	
        [[egress::hdr.ethernet.dst_addr<48> ^0 ^bit[0..247] deparsed exact_containers [16:31]]]

Best Score: {T[n_set_parser_group_gress: 2, n_inc_containers: 2, ], }
Allocation Decisions:
allocate: TH16[0:15] <- egress::hdr.ethernet.dst_addr<48> ^0 ^bit[0..263] deparsed exact_containers [0:15] @[-1r,11w]
allocate: TH17[0:15] <- egress::hdr.ethernet.dst_addr<48> ^0 ^bit[0..247] deparsed exact_containers [16:31] @[-1r,11w]
43: TRYING to allocate SUPERCLUSTER Uid: 617
    slice lists:	
        [ egress::hdr.ip.dst_addr<32> ^0 ^bit[0..159] deparsed exact_containers [0:31] ]
    rotational clusters:	
        [[egress::hdr.ip.dst_addr<32> ^0 ^bit[0..159] deparsed exact_containers [0:31]]]
Successfully Allocated
By slicing into the following superclusters:
SUPERCLUSTER Uid: 1793
    slice lists:	
        [ egress::hdr.ip.dst_addr<32> ^0 ^bit[0..159] deparsed exact_containers [0:7] ]
    rotational clusters:	
        [[egress::hdr.ip.dst_addr<32> ^0 ^bit[0..159] deparsed exact_containers [0:7]]]

SUPERCLUSTER Uid: 1805
    slice lists:	
        [ egress::hdr.ip.dst_addr<32> ^0 ^bit[0..151] deparsed exact_containers [8:15] ]
    rotational clusters:	
        [[egress::hdr.ip.dst_addr<32> ^0 ^bit[0..151] deparsed exact_containers [8:15]]]

SUPERCLUSTER Uid: 1812
    slice lists:	
        [ egress::hdr.ip.dst_addr<32> ^0 ^bit[0..143] deparsed exact_containers [16:23] ]
    rotational clusters:	
        [[egress::hdr.ip.dst_addr<32> ^0 ^bit[0..143] deparsed exact_containers [16:23]]]

SUPERCLUSTER Uid: 1813
    slice lists:	
        [ egress::hdr.ip.dst_addr<32> ^0 ^bit[0..135] deparsed exact_containers [24:31] ]
    rotational clusters:	
        [[egress::hdr.ip.dst_addr<32> ^0 ^bit[0..135] deparsed exact_containers [24:31]]]

Best Score: {T[n_set_parser_group_gress: 4, n_inc_containers: 4, ], }
Allocation Decisions:
allocate: TB3[0:7] <- egress::hdr.ip.dst_addr<32> ^0 ^bit[0..159] deparsed exact_containers [0:7] @[-1r,11w]
allocate: TB8[0:7] <- egress::hdr.ip.dst_addr<32> ^0 ^bit[0..151] deparsed exact_containers [8:15] @[-1r,11w]
allocate: TB9[0:7] <- egress::hdr.ip.dst_addr<32> ^0 ^bit[0..143] deparsed exact_containers [16:23] @[-1r,11w]
allocate: TB10[0:7] <- egress::hdr.ip.dst_addr<32> ^0 ^bit[0..135] deparsed exact_containers [24:31] @[-1r,11w]
44: TRYING to allocate SUPERCLUSTER Uid: 619
    slice lists:	
        [ egress::hdr.ip.src_addr<32> ^0 ^bit[0..127] deparsed exact_containers [0:31] ]
    rotational clusters:	
        [[egress::hdr.ip.src_addr<32> ^0 ^bit[0..127] deparsed exact_containers [0:31]]]
Successfully Allocated
By slicing into the following superclusters:
SUPERCLUSTER Uid: 1818
    slice lists:	
        [ egress::hdr.ip.src_addr<32> ^0 ^bit[0..127] deparsed exact_containers [0:31] ]
    rotational clusters:	
        [[egress::hdr.ip.src_addr<32> ^0 ^bit[0..127] deparsed exact_containers [0:31]]]

Best Score: {n_inc_tphv_collections: 1, T[n_set_gress: 1, n_set_parser_group_gress: 1, n_set_deparser_group_gress: 1, n_inc_containers: 1, ], }
Allocation Decisions:
allocate: TW12[0:31] <- egress::hdr.ip.src_addr<32> ^0 ^bit[0..127] deparsed exact_containers [0:31] @[-1r,11w]
45: TRYING to allocate SUPERCLUSTER Uid: 634
    slice lists:	
        [ egress::hdr.tcp.ack_no<32> ^0 ^bit[0..95] deparsed exact_containers [0:31] ]
    rotational clusters:	
        [[egress::hdr.tcp.ack_no<32> ^0 ^bit[0..95] deparsed exact_containers [0:31]]]
Successfully Allocated
By slicing into the following superclusters:
SUPERCLUSTER Uid: 1861
    slice lists:	
        [ egress::hdr.tcp.ack_no<32> ^0 ^bit[0..95] deparsed exact_containers [0:31] ]
    rotational clusters:	
        [[egress::hdr.tcp.ack_no<32> ^0 ^bit[0..95] deparsed exact_containers [0:31]]]

Best Score: {T[n_set_parser_group_gress: 1, n_inc_containers: 1, ], }
Allocation Decisions:
allocate: TW13[0:31] <- egress::hdr.tcp.ack_no<32> ^0 ^bit[0..95] deparsed exact_containers [0:31] @[-1r,11w]
46: TRYING to allocate SUPERCLUSTER Uid: 636
    slice lists:	
        [ egress::hdr.tcp.seq_no<32> ^0 ^bit[0..63] deparsed exact_containers [0:31] ]
    rotational clusters:	
        [[egress::hdr.tcp.seq_no<32> ^0 ^bit[0..63] deparsed exact_containers [0:31]]]
Successfully Allocated
By slicing into the following superclusters:
SUPERCLUSTER Uid: 1904
    slice lists:	
        [ egress::hdr.tcp.seq_no<32> ^0 ^bit[0..63] deparsed exact_containers [0:31] ]
    rotational clusters:	
        [[egress::hdr.tcp.seq_no<32> ^0 ^bit[0..63] deparsed exact_containers [0:31]]]

Best Score: {T[n_set_parser_group_gress: 1, n_inc_containers: 1, ], }
Allocation Decisions:
allocate: TW14[0:31] <- egress::hdr.tcp.seq_no<32> ^0 ^bit[0..63] deparsed exact_containers [0:31] @[-1r,11w]
47: TRYING to allocate SUPERCLUSTER Uid: 423
    slice lists:	
        [ ingress::hdr.ip.ecn<2> ^0 ^bit[0..15] deparsed exact_containers [0:1]
          ingress::hdr.ip.dscp<6> ^2 ^bit[0..13] deparsed exact_containers [0:5]
          ingress::hdr.ip.ihl<4> ^0 ^bit[0..7] deparsed exact_containers [0:3]
          ingress::hdr.ip.version<4> ^4 ^bit[0..3] deparsed exact_containers [0:3] ]
    rotational clusters:	
        [[ingress::hdr.ip.ecn<2> ^0 ^bit[0..15] deparsed exact_containers [0:1]]]
        [[ingress::hdr.ip.dscp<6> ^2 ^bit[0..13] deparsed exact_containers [0:5]]]
        [[ingress::hdr.ip.ihl<4> ^0 ^bit[0..7] deparsed exact_containers [0:3]]]
        [[ingress::hdr.ip.version<4> ^4 ^bit[0..3] deparsed exact_containers [0:3]]]
Successfully Allocated
By slicing into the following superclusters:
SUPERCLUSTER Uid: 1948
    slice lists:	
        [ ingress::hdr.ip.ecn<2> ^0 ^bit[0..15] deparsed exact_containers [0:1]
          ingress::hdr.ip.dscp<6> ^2 ^bit[0..13] deparsed exact_containers [0:5] ]
    rotational clusters:	
        [[ingress::hdr.ip.ecn<2> ^0 ^bit[0..15] deparsed exact_containers [0:1]]]
        [[ingress::hdr.ip.dscp<6> ^2 ^bit[0..13] deparsed exact_containers [0:5]]]

SUPERCLUSTER Uid: 1949
    slice lists:	
        [ ingress::hdr.ip.ihl<4> ^0 ^bit[0..7] deparsed exact_containers [0:3]
          ingress::hdr.ip.version<4> ^4 ^bit[0..3] deparsed exact_containers [0:3] ]
    rotational clusters:	
        [[ingress::hdr.ip.ihl<4> ^0 ^bit[0..7] deparsed exact_containers [0:3]]]
        [[ingress::hdr.ip.version<4> ^4 ^bit[0..3] deparsed exact_containers [0:3]]]

Best Score: {tphv_on_phv_bits: 6, T[n_set_parser_group_gress: 1, n_inc_containers: 1, ], [n_inc_containers: 1, n_inc_small_containers: 1, ], }
Allocation Decisions:
allocate: B2[0:1] <- ingress::hdr.ip.ecn<2> ^0 ^bit[0..15] deparsed exact_containers [0:1] @[-1r,11w]
allocate: B2[2:7] <- ingress::hdr.ip.dscp<6> ^2 ^bit[0..13] deparsed exact_containers [0:5] @[-1r,11w]
allocate: TB5[0:3] <- ingress::hdr.ip.ihl<4> ^0 ^bit[0..7] deparsed exact_containers [0:3] @[-1r,11w]
allocate: TB5[4:7] <- ingress::hdr.ip.version<4> ^4 ^bit[0..3] deparsed exact_containers [0:3] @[-1r,11w]
48: TRYING to allocate SUPERCLUSTER Uid: 403
    slice lists:	
        [ ingress::hdr.ethernet.ether_type<16> ^0 ^bit[0..239] deparsed exact_containers [0:15] ]
    rotational clusters:	
        [[ingress::hdr.ethernet.ether_type<16> ^0 ^bit[0..239] deparsed exact_containers [0:15]]]
Successfully Allocated
By slicing into the following superclusters:
SUPERCLUSTER Uid: 1954
    slice lists:	
        [ ingress::hdr.ethernet.ether_type<16> ^0 ^bit[0..239] deparsed exact_containers [0:15] ]
    rotational clusters:	
        [[ingress::hdr.ethernet.ether_type<16> ^0 ^bit[0..239] deparsed exact_containers [0:15]]]

Best Score: {T[n_set_parser_group_gress: 1, n_inc_containers: 1, ], }
Allocation Decisions:
allocate: TH11[0:15] <- ingress::hdr.ethernet.ether_type<16> ^0 ^bit[0..239] deparsed exact_containers [0:15] @[-1r,11w]
49: TRYING to allocate SUPERCLUSTER Uid: 410
    slice lists:	
        [ ingress::hdr.ethernet.src_addr<48> ^0 ^bit[0..191] deparsed exact_containers [32:47] ]
    rotational clusters:	
        [[ingress::hdr.ethernet.src_addr<48> ^0 ^bit[0..191] deparsed exact_containers [32:47]]]
Successfully Allocated
By slicing into the following superclusters:
SUPERCLUSTER Uid: 1970
    slice lists:	
        [ ingress::hdr.ethernet.src_addr<48> ^0 ^bit[0..191] deparsed exact_containers [32:39] ]
    rotational clusters:	
        [[ingress::hdr.ethernet.src_addr<48> ^0 ^bit[0..191] deparsed exact_containers [32:39]]]

SUPERCLUSTER Uid: 1971
    slice lists:	
        [ ingress::hdr.ethernet.src_addr<48> ^0 ^bit[0..183] deparsed exact_containers [40:47] ]
    rotational clusters:	
        [[ingress::hdr.ethernet.src_addr<48> ^0 ^bit[0..183] deparsed exact_containers [40:47]]]

Best Score: {T[n_set_parser_group_gress: 2, n_inc_containers: 2, ], }
Allocation Decisions:
allocate: TB6[0:7] <- ingress::hdr.ethernet.src_addr<48> ^0 ^bit[0..191] deparsed exact_containers [32:39] @[-1r,11w]
allocate: TB7[0:7] <- ingress::hdr.ethernet.src_addr<48> ^0 ^bit[0..183] deparsed exact_containers [40:47] @[-1r,11w]
50: TRYING to allocate SUPERCLUSTER Uid: 418
    slice lists:	
        [ ingress::hdr.ethernet.dst_addr<48> ^0 ^bit[0..143] deparsed exact_containers [32:47] ]
    rotational clusters:	
        [[ingress::hdr.ethernet.dst_addr<48> ^0 ^bit[0..143] deparsed exact_containers [32:47]]]
Successfully Allocated
By slicing into the following superclusters:
SUPERCLUSTER Uid: 1976
    slice lists:	
        [ ingress::hdr.ethernet.dst_addr<48> ^0 ^bit[0..143] deparsed exact_containers [32:47] ]
    rotational clusters:	
        [[ingress::hdr.ethernet.dst_addr<48> ^0 ^bit[0..143] deparsed exact_containers [32:47]]]

Best Score: {[n_inc_containers: 1, n_inc_small_containers: 1, ], }
Allocation Decisions:
allocate: H3[0:15] <- ingress::hdr.ethernet.dst_addr<48> ^0 ^bit[0..143] deparsed exact_containers [32:47] @[-1r,11w]
51: TRYING to allocate SUPERCLUSTER Uid: 545
    slice lists:	
        [ egress::hdr.min_parse_depth_padding_0[0].packet_payload<88> ^0 ^bit[0..23] deparsed exact_containers [64:79] ]
    rotational clusters:	
        [[egress::hdr.min_parse_depth_padding_0[0].packet_payload<88> ^0 ^bit[0..23] deparsed exact_containers [64:79]]]
Successfully Allocated
By slicing into the following superclusters:
SUPERCLUSTER Uid: 1987
    slice lists:	
        [ egress::hdr.min_parse_depth_padding_0[0].packet_payload<88> ^0 ^bit[0..23] deparsed exact_containers [64:79] ]
    rotational clusters:	
        [[egress::hdr.min_parse_depth_padding_0[0].packet_payload<88> ^0 ^bit[0..23] deparsed exact_containers [64:79]]]

Best Score: {T[n_set_parser_group_gress: 1, n_inc_containers: 1, ], }
Allocation Decisions:
allocate: TH18[0:15] <- egress::hdr.min_parse_depth_padding_0[0].packet_payload<88> ^0 ^bit[0..23] deparsed exact_containers [64:79] @[-1r,11w]
52: TRYING to allocate SUPERCLUSTER Uid: 567
    slice lists:	
        [ egress::hdr.min_parse_depth_padding_0[1].packet_payload<88> ^0 ^bit[0..23] deparsed exact_containers [64:79] ]
    rotational clusters:	
        [[egress::hdr.min_parse_depth_padding_0[1].packet_payload<88> ^0 ^bit[0..23] deparsed exact_containers [64:79]]]
Successfully Allocated
By slicing into the following superclusters:
SUPERCLUSTER Uid: 1998
    slice lists:	
        [ egress::hdr.min_parse_depth_padding_0[1].packet_payload<88> ^0 ^bit[0..23] deparsed exact_containers [64:79] ]
    rotational clusters:	
        [[egress::hdr.min_parse_depth_padding_0[1].packet_payload<88> ^0 ^bit[0..23] deparsed exact_containers [64:79]]]

Best Score: {T[n_set_parser_group_gress: 1, n_inc_containers: 1, ], }
Allocation Decisions:
allocate: TH19[0:15] <- egress::hdr.min_parse_depth_padding_0[1].packet_payload<88> ^0 ^bit[0..23] deparsed exact_containers [64:79] @[-1r,11w]
53: TRYING to allocate SUPERCLUSTER Uid: 589
    slice lists:	
        [ egress::hdr.min_parse_depth_padding_0[2].packet_payload<88> ^0 ^bit[0..23] deparsed exact_containers [64:79] ]
    rotational clusters:	
        [[egress::hdr.min_parse_depth_padding_0[2].packet_payload<88> ^0 ^bit[0..23] deparsed exact_containers [64:79]]]
Successfully Allocated
By slicing into the following superclusters:
SUPERCLUSTER Uid: 2009
    slice lists:	
        [ egress::hdr.min_parse_depth_padding_0[2].packet_payload<88> ^0 ^bit[0..23] deparsed exact_containers [64:79] ]
    rotational clusters:	
        [[egress::hdr.min_parse_depth_padding_0[2].packet_payload<88> ^0 ^bit[0..23] deparsed exact_containers [64:79]]]

Best Score: {T[n_set_parser_group_gress: 1, n_inc_containers: 1, ], }
Allocation Decisions:
allocate: TH20[0:15] <- egress::hdr.min_parse_depth_padding_0[2].packet_payload<88> ^0 ^bit[0..23] deparsed exact_containers [64:79] @[-1r,11w]
54: TRYING to allocate SUPERCLUSTER Uid: 596
    slice lists:	
        [ egress::hdr.ethernet.ether_type<16> ^0 ^bit[0..327] deparsed exact_containers [0:15] ]
    rotational clusters:	
        [[egress::hdr.ethernet.ether_type<16> ^0 ^bit[0..327] deparsed exact_containers [0:15]]]
Successfully Allocated
By slicing into the following superclusters:
SUPERCLUSTER Uid: 2020
    slice lists:	
        [ egress::hdr.ethernet.ether_type<16> ^0 ^bit[0..327] deparsed exact_containers [0:15] ]
    rotational clusters:	
        [[egress::hdr.ethernet.ether_type<16> ^0 ^bit[0..327] deparsed exact_containers [0:15]]]

Best Score: {T[n_set_parser_group_gress: 1, n_inc_containers: 1, ], }
Allocation Decisions:
allocate: TH21[0:15] <- egress::hdr.ethernet.ether_type<16> ^0 ^bit[0..327] deparsed exact_containers [0:15] @[-1r,11w]
55: TRYING to allocate SUPERCLUSTER Uid: 603
    slice lists:	
        [ egress::hdr.ethernet.src_addr<48> ^0 ^bit[0..279] deparsed exact_containers [32:47] ]
    rotational clusters:	
        [[egress::hdr.ethernet.src_addr<48> ^0 ^bit[0..279] deparsed exact_containers [32:47]]]
Successfully Allocated
By slicing into the following superclusters:
SUPERCLUSTER Uid: 2031
    slice lists:	
        [ egress::hdr.ethernet.src_addr<48> ^0 ^bit[0..279] deparsed exact_containers [32:47] ]
    rotational clusters:	
        [[egress::hdr.ethernet.src_addr<48> ^0 ^bit[0..279] deparsed exact_containers [32:47]]]

Best Score: {T[n_set_parser_group_gress: 1, n_inc_containers: 1, ], }
Allocation Decisions:
allocate: TH22[0:15] <- egress::hdr.ethernet.src_addr<48> ^0 ^bit[0..279] deparsed exact_containers [32:47] @[-1r,11w]
56: TRYING to allocate SUPERCLUSTER Uid: 611
    slice lists:	
        [ egress::hdr.ethernet.dst_addr<48> ^0 ^bit[0..231] deparsed exact_containers [32:47] ]
    rotational clusters:	
        [[egress::hdr.ethernet.dst_addr<48> ^0 ^bit[0..231] deparsed exact_containers [32:47]]]
Successfully Allocated
By slicing into the following superclusters:
SUPERCLUSTER Uid: 2042
    slice lists:	
        [ egress::hdr.ethernet.dst_addr<48> ^0 ^bit[0..231] deparsed exact_containers [32:47] ]
    rotational clusters:	
        [[egress::hdr.ethernet.dst_addr<48> ^0 ^bit[0..231] deparsed exact_containers [32:47]]]

Best Score: {T[n_set_parser_group_gress: 1, n_inc_containers: 1, ], }
Allocation Decisions:
allocate: TH23[0:15] <- egress::hdr.ethernet.dst_addr<48> ^0 ^bit[0..231] deparsed exact_containers [32:47] @[-1r,11w]
57: TRYING to allocate SUPERCLUSTER Uid: 476
    slice lists:	
        [ ingress::__phv_dummy_padding__<16> exact_containers [0:15] ]
    rotational clusters:	
        [[ingress::__phv_dummy_padding__<16> exact_containers [0:15]]]
Successfully Allocated
By slicing into the following superclusters:
SUPERCLUSTER Uid: 2053
    slice lists:	
        [ ingress::__phv_dummy_padding__<16> exact_containers [0:15] ]
    rotational clusters:	
        [[ingress::__phv_dummy_padding__<16> exact_containers [0:15]]]

Best Score: {}
Allocation Decisions:
58: TRYING to allocate SUPERCLUSTER Uid: 648
    slice lists:	
        [ ingress::hdr.ethernet.$valid<1> pov [0:0]
          ingress::hdr.ip.$valid<1> pov [0:0]
          ingress::hdr.tcp.$valid<1> pov [0:0]
          ingress::hdr.udp.$valid<1> pov [0:0] ]
    rotational clusters:	
        [[ingress::hdr.ethernet.$valid<1> pov [0:0]]]
        [[ingress::hdr.ip.$valid<1> pov [0:0]]]
        [[ingress::hdr.tcp.$valid<1> pov [0:0]]]
        [[ingress::hdr.udp.$valid<1> pov [0:0]]]
Successfully Allocated
By slicing into the following superclusters:
SUPERCLUSTER Uid: 2063
    slice lists:	
        [ ingress::hdr.ethernet.$valid<1> pov [0:0]
          ingress::hdr.ip.$valid<1> pov [0:0]
          ingress::hdr.tcp.$valid<1> pov [0:0]
          ingress::hdr.udp.$valid<1> pov [0:0] ]
    rotational clusters:	
        [[ingress::hdr.ethernet.$valid<1> pov [0:0]]]
        [[ingress::hdr.ip.$valid<1> pov [0:0]]]
        [[ingress::hdr.tcp.$valid<1> pov [0:0]]]
        [[ingress::hdr.udp.$valid<1> pov [0:0]]]

Best Score: {[n_inc_containers: 1, n_inc_small_containers: 1, ], }
Allocation Decisions:
allocate: B3[0:0] <- ingress::hdr.ethernet.$valid<1> pov [0:0] @[-1r,11w]
allocate: B3[1:1] <- ingress::hdr.ip.$valid<1> pov [0:0] @[-1r,11w]
allocate: B3[2:2] <- ingress::hdr.tcp.$valid<1> pov [0:0] @[-1r,11w]
allocate: B3[3:3] <- ingress::hdr.udp.$valid<1> pov [0:0] @[-1r,11w]
59: TRYING to allocate SUPERCLUSTER Uid: 652
    slice lists:	
        [ egress::hdr.ethernet.$valid<1> pov [0:0]
          egress::hdr.ip.$valid<1> pov [0:0]
          egress::hdr.tcp.$valid<1> pov [0:0]
          egress::hdr.udp.$valid<1> pov [0:0] ]
    rotational clusters:	
        [[egress::hdr.ethernet.$valid<1> pov [0:0]]]
        [[egress::hdr.ip.$valid<1> pov [0:0]]]
        [[egress::hdr.tcp.$valid<1> pov [0:0]]]
        [[egress::hdr.udp.$valid<1> pov [0:0]]]
Successfully Allocated
By slicing into the following superclusters:
SUPERCLUSTER Uid: 2067
    slice lists:	
        [ egress::hdr.ethernet.$valid<1> pov [0:0]
          egress::hdr.ip.$valid<1> pov [0:0]
          egress::hdr.tcp.$valid<1> pov [0:0]
          egress::hdr.udp.$valid<1> pov [0:0] ]
    rotational clusters:	
        [[egress::hdr.ethernet.$valid<1> pov [0:0]]]
        [[egress::hdr.ip.$valid<1> pov [0:0]]]
        [[egress::hdr.tcp.$valid<1> pov [0:0]]]
        [[egress::hdr.udp.$valid<1> pov [0:0]]]

Best Score: {[n_inc_containers: 1, n_inc_small_containers: 1, ], }
Allocation Decisions:
allocate: B17[0:0] <- egress::hdr.ethernet.$valid<1> pov [0:0] @[-1r,11w]
allocate: B17[1:1] <- egress::hdr.ip.$valid<1> pov [0:0] @[-1r,11w]
allocate: B17[2:2] <- egress::hdr.tcp.$valid<1> pov [0:0] @[-1r,11w]
allocate: B17[3:3] <- egress::hdr.udp.$valid<1> pov [0:0] @[-1r,11w]
60: TRYING to allocate SUPERCLUSTER Uid: 484
    slice lists:	[ ]
    rotational clusters:	
        [[ingress::t_igr_dt_ms<32> meta [0:31]]]
Successfully Allocated
By slicing into the following superclusters:
SUPERCLUSTER Uid: 2068
    slice lists:	[ ]
    rotational clusters:	
        [[ingress::t_igr_dt_ms<32> meta [0:31]]]

Best Score: {[n_set_gress: 1, n_inc_containers: 1, n_mismatched_deparser_gress: 1, ], }
Allocation Decisions:
allocate: W36[0:31] <- ingress::t_igr_dt_ms<32> meta [0:31] @[-1r,11w]
61: TRYING to allocate SUPERCLUSTER Uid: 465
    slice lists:	[ ]
    rotational clusters:	
        [[ingress::t_igr_ts<32> meta [0:31]]]
Successfully Allocated
By slicing into the following superclusters:
SUPERCLUSTER Uid: 2136
    slice lists:	[ ]
    rotational clusters:	
        [[ingress::t_igr_ts<32> meta [0:31]]]

Best Score: {[n_overlay_bits: 32, ], }
Allocation Decisions:
allocate: W7[0:31] <- ingress::t_igr_ts<32> meta [0:31] @[-1r,11w]
62: TRYING to allocate SUPERCLUSTER Uid: 466
    slice lists:	[ ]
    rotational clusters:	
        [[ingress::t_igr_dt<32> meta [0:31]]]
Successfully Allocated
By slicing into the following superclusters:
SUPERCLUSTER Uid: 2204
    slice lists:	[ ]
    rotational clusters:	
        [[ingress::t_igr_dt<32> meta [0:31]]]

Best Score: {[n_overlay_bits: 32, ], }
Allocation Decisions:
allocate: W9[0:31] <- ingress::t_igr_dt<32> meta [0:31] @[-1r,11w]
63: TRYING to allocate SUPERCLUSTER Uid: 468
    slice lists:	[ ]
    rotational clusters:	
        [[ingress::t_igr_rate<32> meta [0:31]]]
Successfully Allocated
By slicing into the following superclusters:
SUPERCLUSTER Uid: 2272
    slice lists:	[ ]
    rotational clusters:	
        [[ingress::t_igr_rate<32> meta [0:31]]]

Best Score: {[n_set_gress: 1, n_inc_containers: 1, n_mismatched_deparser_gress: 1, ], }
Allocation Decisions:
allocate: W37[0:31] <- ingress::t_igr_rate<32> meta [0:31] @[-1r,11w]
64: TRYING to allocate SUPERCLUSTER Uid: 483
    slice lists:	[ ]
    rotational clusters:	
        [[ingress::t_igr_ts_ms<32> meta [0:31]]]
Successfully Allocated
By slicing into the following superclusters:
SUPERCLUSTER Uid: 2340
    slice lists:	[ ]
    rotational clusters:	
        [[ingress::t_igr_ts_ms<32> meta [0:31]]]

Best Score: {[n_set_gress: 1, n_inc_containers: 1, n_mismatched_deparser_gress: 1, ], }
Allocation Decisions:
allocate: W38[0:31] <- ingress::t_igr_ts_ms<32> meta [0:31] @[-1r,11w]
65: TRYING to allocate SUPERCLUSTER Uid: 393
    slice lists:	
        [ ingress::ig_intr_md.ingress_mac_tstamp<48> ^0 ^bit[0..63] intrinsic [0:6]
          ingress::ig_intr_md.ingress_mac_tstamp<48> ^7 ^bit[0..56] intrinsic [7:11]
          ingress::ig_intr_md.ingress_mac_tstamp<48> ^4 ^bit[0..51] intrinsic [12:31] ]
    rotational clusters:	
        [[ingress::ig_intr_md.ingress_mac_tstamp<48> ^0 ^bit[0..63] intrinsic [0:6]]]
        [[ingress::ig_intr_md.ingress_mac_tstamp<48> ^7 ^bit[0..56] intrinsic [7:11]]]
        [[ingress::ig_intr_md.ingress_mac_tstamp<48> ^4 ^bit[0..51] intrinsic [12:31]]]
Successfully Allocated
By slicing into the following superclusters:
SUPERCLUSTER Uid: 2412
    slice lists:	
        [ ingress::ig_intr_md.ingress_mac_tstamp<48> ^0 ^bit[0..63] intrinsic [0:6]
          ingress::ig_intr_md.ingress_mac_tstamp<48> ^7 ^bit[0..56] intrinsic [7:11]
          ingress::ig_intr_md.ingress_mac_tstamp<48> ^4 ^bit[0..51] intrinsic [12:31] ]
    rotational clusters:	
        [[ingress::ig_intr_md.ingress_mac_tstamp<48> ^0 ^bit[0..63] intrinsic [0:6]]]
        [[ingress::ig_intr_md.ingress_mac_tstamp<48> ^7 ^bit[0..56] intrinsic [7:11]]]
        [[ingress::ig_intr_md.ingress_mac_tstamp<48> ^4 ^bit[0..51] intrinsic [12:31]]]

Best Score: {tphv_on_phv_bits: 7, [n_set_gress: 1, n_set_parser_group_gress: 1, n_inc_containers: 1, n_mismatched_deparser_gress: 1, ], }
Allocation Decisions:
allocate: W39[0:6] <- ingress::ig_intr_md.ingress_mac_tstamp<48> ^0 ^bit[0..63] intrinsic [0:6] @[-1r,11w]
allocate: W39[7:11] <- ingress::ig_intr_md.ingress_mac_tstamp<48> ^7 ^bit[0..56] intrinsic [7:11] @[-1r,11w]
allocate: W39[12:31] <- ingress::ig_intr_md.ingress_mac_tstamp<48> ^4 ^bit[0..51] intrinsic [12:31] @[-1r,11w]
66: TRYING to allocate SUPERCLUSTER Uid: 395
    slice lists:	
        [ ingress::ig_intr_md.ingress_mac_tstamp<48> ^0 ^bit[0..31] intrinsic [32:38]
          ingress::ig_intr_md.ingress_mac_tstamp<48> ^7 ^bit[0..24] intrinsic [39:43]
          ingress::ig_intr_md.ingress_mac_tstamp<48> ^4 ^bit[0..19] intrinsic [44:47] ]
    rotational clusters:	
        [[ingress::ig_intr_md.ingress_mac_tstamp<48> ^0 ^bit[0..31] intrinsic [32:38]]]
        [[ingress::ig_intr_md.ingress_mac_tstamp<48> ^7 ^bit[0..24] intrinsic [39:43]]]
        [[ingress::ig_intr_md.ingress_mac_tstamp<48> ^4 ^bit[0..19] intrinsic [44:47]]]
Successfully Allocated
By slicing into the following superclusters:
SUPERCLUSTER Uid: 2456
    slice lists:	
        [ ingress::ig_intr_md.ingress_mac_tstamp<48> ^0 ^bit[0..31] intrinsic [32:38]
          ingress::ig_intr_md.ingress_mac_tstamp<48> ^7 ^bit[0..24] intrinsic [39:43]
          ingress::ig_intr_md.ingress_mac_tstamp<48> ^4 ^bit[0..19] intrinsic [44:47] ]
    rotational clusters:	
        [[ingress::ig_intr_md.ingress_mac_tstamp<48> ^0 ^bit[0..31] intrinsic [32:38]]]
        [[ingress::ig_intr_md.ingress_mac_tstamp<48> ^7 ^bit[0..24] intrinsic [39:43]]]
        [[ingress::ig_intr_md.ingress_mac_tstamp<48> ^4 ^bit[0..19] intrinsic [44:47]]]

Best Score: {tphv_on_phv_bits: 4, [n_inc_containers: 1, n_inc_small_containers: 1, ], }
Allocation Decisions:
allocate: H4[0:6] <- ingress::ig_intr_md.ingress_mac_tstamp<48> ^0 ^bit[0..31] intrinsic [32:38] @[-1r,11w]
allocate: H4[7:11] <- ingress::ig_intr_md.ingress_mac_tstamp<48> ^7 ^bit[0..24] intrinsic [39:43] @[-1r,11w]
allocate: H4[12:15] <- ingress::ig_intr_md.ingress_mac_tstamp<48> ^4 ^bit[0..19] intrinsic [44:47] @[-1r,11w]
67: TRYING to allocate SUPERCLUSTER Uid: 463
    slice lists:	
        [ ingress::md.fid<11> meta [0:10] ]
    rotational clusters:	
        [[ingress::t_igr_table_key<32> meta [0:10]], [ingress::md.fid<11> meta [0:10]]]
Successfully Allocated
By slicing into the following superclusters:
SUPERCLUSTER Uid: 2467
    slice lists:	
        [ ingress::md.fid<11> meta [0:10] ]
    rotational clusters:	
        [[ingress::t_igr_table_key<32> meta [0:10]], [ingress::md.fid<11> meta [0:10]]]

Best Score: {[n_set_gress: 1, n_inc_containers: 1, n_mismatched_deparser_gress: 1, ], }
Allocation Decisions:
allocate: W40[0:10] <- ingress::md.fid<11> meta [0:10] @[-1r,11w]
allocate: W40[11:21] <- ingress::t_igr_table_key<32> meta [0:10] @[-1r,11w]
68: TRYING to allocate SUPERCLUSTER Uid: 464
    slice lists:	[ ]
    rotational clusters:	
        [[ingress::t_igr_table_key<32> meta [11:31]]]
Successfully Allocated
By slicing into the following superclusters:
SUPERCLUSTER Uid: 2481
    slice lists:	[ ]
    rotational clusters:	
        [[ingress::t_igr_table_key<32> meta [11:18]]]

SUPERCLUSTER Uid: 2482
    slice lists:	[ ]
    rotational clusters:	
        [[ingress::t_igr_table_key<32> meta [19:31]]]

Best Score: {[n_packing_bits: 8, n_packing_priority: 100000, n_inc_containers: 1, n_inc_small_containers: 1, n_field_packing_score: 512, ], }
Allocation Decisions:
allocate: H5[0:12] <- ingress::t_igr_table_key<32> meta [19:31] @[-1r,11w]
allocate: W40[22:29] <- ingress::t_igr_table_key<32> meta [11:18] @[-1r,11w]
69: TRYING to allocate SUPERCLUSTER Uid: 467
    slice lists:	[ ]
    rotational clusters:	
        [[ingress::t_igr_log_dt<16> meta [0:15]]]
Successfully Allocated
By slicing into the following superclusters:
SUPERCLUSTER Uid: 2500
    slice lists:	[ ]
    rotational clusters:	
        [[ingress::t_igr_log_dt<16> meta [0:15]]]

Best Score: {[n_inc_containers: 1, n_inc_small_containers: 1, ], }
Allocation Decisions:
allocate: H6[0:15] <- ingress::t_igr_log_dt<16> meta [0:15] @[-1r,11w]
70: TRYING to allocate SUPERCLUSTER Uid: 481
    slice lists:	[ ]
    rotational clusters:	
        [[ingress::t_igr_RC_nag<1> meta [0:0]]]
Successfully Allocated
By slicing into the following superclusters:
SUPERCLUSTER Uid: 2507
    slice lists:	[ ]
    rotational clusters:	
        [[ingress::t_igr_RC_nag<1> meta [0:0]]]

Best Score: {[n_overlay_bits: 1, ], }
Allocation Decisions:
allocate: H5[0:0] <- ingress::t_igr_RC_nag<1> meta [0:0] @[-1r,11w]
71: TRYING to allocate SUPERCLUSTER Uid: 495
    slice lists:	[ ]
    rotational clusters:	
        [[ingress::t_igr_drop_flag<1> meta [0:0]]]
Successfully Allocated
By slicing into the following superclusters:
SUPERCLUSTER Uid: 2508
    slice lists:	[ ]
    rotational clusters:	
        [[ingress::t_igr_drop_flag<1> meta [0:0]]]

Best Score: {[n_overlay_bits: 1, ], }
Allocation Decisions:
allocate: H4[0:0] <- ingress::t_igr_drop_flag<1> meta [0:0] @[-1r,11w]
72: TRYING to allocate SUPERCLUSTER Uid: 508
    slice lists:	
        [ egress::eg_intr_md.pkt_length<16> intrinsic [0:15]
          egress::eg_intr_md.deflection_flag<1> intrinsic [0:0]
          egress::eg_intr_md._pad10<7> intrinsic [0:6]
          egress::eg_intr_md.egress_cos<3> intrinsic [0:2]
          egress::eg_intr_md._pad9<5> intrinsic [0:4] ]
    rotational clusters:	
        [[egress::eg_intr_md.pkt_length<16> intrinsic [0:15]]]
        [[egress::eg_intr_md.deflection_flag<1> intrinsic [0:0]]]
        [[egress::eg_intr_md._pad10<7> intrinsic [0:6]]]
        [[egress::eg_intr_md.egress_cos<3> intrinsic [0:2]]]
        [[egress::eg_intr_md._pad9<5> intrinsic [0:4]]]
Successfully Allocated
By slicing into the following superclusters:
SUPERCLUSTER Uid: 2513
    slice lists:	
        [ egress::eg_intr_md.pkt_length<16> intrinsic [0:15]
          egress::eg_intr_md.deflection_flag<1> intrinsic [0:0]
          egress::eg_intr_md._pad10<7> intrinsic [0:6]
          egress::eg_intr_md.egress_cos<3> intrinsic [0:2]
          egress::eg_intr_md._pad9<5> intrinsic [0:4] ]
    rotational clusters:	
        [[egress::eg_intr_md.pkt_length<16> intrinsic [0:15]]]
        [[egress::eg_intr_md.deflection_flag<1> intrinsic [0:0]]]
        [[egress::eg_intr_md._pad10<7> intrinsic [0:6]]]
        [[egress::eg_intr_md.egress_cos<3> intrinsic [0:2]]]
        [[egress::eg_intr_md._pad9<5> intrinsic [0:4]]]

Best Score: {}
Allocation Decisions:
73: TRYING to allocate SUPERCLUSTER Uid: 510
    slice lists:	
        [ egress::eg_intr_md.egress_qid<5> intrinsic [0:4]
          egress::eg_intr_md._pad8<3> intrinsic [0:2]
          egress::eg_intr_md.egress_rid_first<1> intrinsic [0:0]
          egress::eg_intr_md._pad7<7> intrinsic [0:6]
          egress::eg_intr_md.egress_rid<16> intrinsic [0:15] ]
    rotational clusters:	
        [[egress::eg_intr_md.egress_qid<5> intrinsic [0:4]]]
        [[egress::eg_intr_md._pad8<3> intrinsic [0:2]]]
        [[egress::eg_intr_md.egress_rid_first<1> intrinsic [0:0]]]
        [[egress::eg_intr_md._pad7<7> intrinsic [0:6]]]
        [[egress::eg_intr_md.egress_rid<16> intrinsic [0:15]]]
Successfully Allocated
By slicing into the following superclusters:
SUPERCLUSTER Uid: 2537
    slice lists:	
        [ egress::eg_intr_md.egress_qid<5> intrinsic [0:4]
          egress::eg_intr_md._pad8<3> intrinsic [0:2]
          egress::eg_intr_md.egress_rid_first<1> intrinsic [0:0]
          egress::eg_intr_md._pad7<7> intrinsic [0:6]
          egress::eg_intr_md.egress_rid<16> intrinsic [0:15] ]
    rotational clusters:	
        [[egress::eg_intr_md.egress_qid<5> intrinsic [0:4]]]
        [[egress::eg_intr_md._pad8<3> intrinsic [0:2]]]
        [[egress::eg_intr_md.egress_rid_first<1> intrinsic [0:0]]]
        [[egress::eg_intr_md._pad7<7> intrinsic [0:6]]]
        [[egress::eg_intr_md.egress_rid<16> intrinsic [0:15]]]

Best Score: {}
Allocation Decisions:
74: TRYING to allocate SUPERCLUSTER Uid: 397
    slice lists:	
        [ ingress::ig_intr_md.ingress_port<9> intrinsic [0:8]
          ingress::ig_intr_md._pad2<3> intrinsic [0:2]
          ingress::ig_intr_md.packet_version<2> intrinsic [0:1]
          ingress::ig_intr_md._pad1<1> intrinsic [0:0]
          ingress::ig_intr_md.resubmit_flag<1> intrinsic [0:0] ]
    rotational clusters:	
        [[ingress::ig_intr_md.ingress_port<9> intrinsic [0:8]]]
        [[ingress::ig_intr_md._pad2<3> intrinsic [0:2]]]
        [[ingress::ig_intr_md.packet_version<2> intrinsic [0:1]]]
        [[ingress::ig_intr_md._pad1<1> intrinsic [0:0]]]
        [[ingress::ig_intr_md.resubmit_flag<1> intrinsic [0:0]]]
Successfully Allocated
By slicing into the following superclusters:
SUPERCLUSTER Uid: 2569
    slice lists:	
        [ ingress::ig_intr_md.ingress_port<9> intrinsic [0:8]
          ingress::ig_intr_md._pad2<3> intrinsic [0:2]
          ingress::ig_intr_md.packet_version<2> intrinsic [0:1]
          ingress::ig_intr_md._pad1<1> intrinsic [0:0]
          ingress::ig_intr_md.resubmit_flag<1> intrinsic [0:0] ]
    rotational clusters:	
        [[ingress::ig_intr_md.ingress_port<9> intrinsic [0:8]]]
        [[ingress::ig_intr_md._pad2<3> intrinsic [0:2]]]
        [[ingress::ig_intr_md.packet_version<2> intrinsic [0:1]]]
        [[ingress::ig_intr_md._pad1<1> intrinsic [0:0]]]
        [[ingress::ig_intr_md.resubmit_flag<1> intrinsic [0:0]]]

Best Score: {}
Allocation Decisions:
75: TRYING to allocate SUPERCLUSTER Uid: 520
    slice lists:	
        [ egress::eg_intr_md.deq_qdepth<19> intrinsic [0:18]
          egress::eg_intr_md._pad4<5> intrinsic [0:4]
          egress::eg_intr_md.enq_tstamp<18> intrinsic [0:7] ]
    rotational clusters:	
        [[egress::eg_intr_md.deq_qdepth<19> intrinsic [0:18]]]
        [[egress::eg_intr_md._pad4<5> intrinsic [0:4]]]
        [[egress::eg_intr_md.enq_tstamp<18> intrinsic [0:7]]]
Successfully Allocated
By slicing into the following superclusters:
SUPERCLUSTER Uid: 2580
    slice lists:	
        [ egress::eg_intr_md.deq_qdepth<19> intrinsic [0:18]
          egress::eg_intr_md._pad4<5> intrinsic [0:4]
          egress::eg_intr_md.enq_tstamp<18> intrinsic [0:7] ]
    rotational clusters:	
        [[egress::eg_intr_md.deq_qdepth<19> intrinsic [0:18]]]
        [[egress::eg_intr_md._pad4<5> intrinsic [0:4]]]
        [[egress::eg_intr_md.enq_tstamp<18> intrinsic [0:7]]]

Best Score: {}
Allocation Decisions:
76: TRYING to allocate SUPERCLUSTER Uid: 522
    slice lists:	
        [ egress::eg_intr_md.enq_tstamp<18> intrinsic [8:17]
          egress::eg_intr_md._pad3<14> intrinsic [0:13]
          egress::eg_intr_md.enq_congest_stat<2> intrinsic [0:1]
          egress::eg_intr_md._pad2<6> intrinsic [0:5] ]
    rotational clusters:	
        [[egress::eg_intr_md.enq_tstamp<18> intrinsic [8:17]]]
        [[egress::eg_intr_md._pad3<14> intrinsic [0:13]]]
        [[egress::eg_intr_md.enq_congest_stat<2> intrinsic [0:1]]]
        [[egress::eg_intr_md._pad2<6> intrinsic [0:5]]]
Successfully Allocated
By slicing into the following superclusters:
SUPERCLUSTER Uid: 2612
    slice lists:	
        [ egress::eg_intr_md.enq_tstamp<18> intrinsic [8:17]
          egress::eg_intr_md._pad3<14> intrinsic [0:13]
          egress::eg_intr_md.enq_congest_stat<2> intrinsic [0:1]
          egress::eg_intr_md._pad2<6> intrinsic [0:5] ]
    rotational clusters:	
        [[egress::eg_intr_md.enq_tstamp<18> intrinsic [8:17]]]
        [[egress::eg_intr_md._pad3<14> intrinsic [0:13]]]
        [[egress::eg_intr_md.enq_congest_stat<2> intrinsic [0:1]]]
        [[egress::eg_intr_md._pad2<6> intrinsic [0:5]]]

Best Score: {}
Allocation Decisions:
77: TRYING to allocate SUPERCLUSTER Uid: 514
    slice lists:	
        [ egress::eg_intr_md.app_pool_congest_stat<8> intrinsic [0:7]
          egress::eg_intr_md.deq_congest_stat<2> intrinsic [0:1]
          egress::eg_intr_md._pad5<6> intrinsic [0:5] ]
    rotational clusters:	
        [[egress::eg_intr_md.app_pool_congest_stat<8> intrinsic [0:7]]]
        [[egress::eg_intr_md.deq_congest_stat<2> intrinsic [0:1]]]
        [[egress::eg_intr_md._pad5<6> intrinsic [0:5]]]
Successfully Allocated
By slicing into the following superclusters:
SUPERCLUSTER Uid: 2644
    slice lists:	
        [ egress::eg_intr_md.app_pool_congest_stat<8> intrinsic [0:7]
          egress::eg_intr_md.deq_congest_stat<2> intrinsic [0:1]
          egress::eg_intr_md._pad5<6> intrinsic [0:5] ]
    rotational clusters:	
        [[egress::eg_intr_md.app_pool_congest_stat<8> intrinsic [0:7]]]
        [[egress::eg_intr_md.deq_congest_stat<2> intrinsic [0:1]]]
        [[egress::eg_intr_md._pad5<6> intrinsic [0:5]]]

Best Score: {}
Allocation Decisions:
78: TRYING to allocate SUPERCLUSTER Uid: 512
    slice lists:	
        [ egress::eg_intr_md.deq_timedelta<18> intrinsic [0:17]
          egress::eg_intr_md._pad6<14> intrinsic [0:13] ]
    rotational clusters:	
        [[egress::eg_intr_md.deq_timedelta<18> intrinsic [0:17]]]
        [[egress::eg_intr_md._pad6<14> intrinsic [0:13]]]
Successfully Allocated
By slicing into the following superclusters:
SUPERCLUSTER Uid: 2651
    slice lists:	
        [ egress::eg_intr_md.deq_timedelta<18> intrinsic [0:17]
          egress::eg_intr_md._pad6<14> intrinsic [0:13] ]
    rotational clusters:	
        [[egress::eg_intr_md.deq_timedelta<18> intrinsic [0:17]]]
        [[egress::eg_intr_md._pad6<14> intrinsic [0:13]]]

Best Score: {}
Allocation Decisions:
79: TRYING to allocate SUPERCLUSTER Uid: 524
    slice lists:	
        [ egress::eg_intr_md.enq_qdepth<19> intrinsic [0:18]
          egress::eg_intr_md._pad1<5> intrinsic [0:4] ]
    rotational clusters:	
        [[egress::eg_intr_md.enq_qdepth<19> intrinsic [0:18]]]
        [[egress::eg_intr_md._pad1<5> intrinsic [0:4]]]
Successfully Allocated
By slicing into the following superclusters:
SUPERCLUSTER Uid: 2695
    slice lists:	
        [ egress::eg_intr_md.enq_qdepth<19> intrinsic [0:18]
          egress::eg_intr_md._pad1<5> intrinsic [0:4] ]
    rotational clusters:	
        [[egress::eg_intr_md.enq_qdepth<19> intrinsic [0:18]]]
        [[egress::eg_intr_md._pad1<5> intrinsic [0:4]]]

Best Score: {}
Allocation Decisions:
80: TRYING to allocate SUPERCLUSTER Uid: 494
    slice lists:	[ ]
    rotational clusters:	
        [[ingress::t_igr_ecn_flag<8> meta [0:7]]]
Successfully Allocated
By slicing into the following superclusters:
SUPERCLUSTER Uid: 2715
    slice lists:	[ ]
    rotational clusters:	
        [[ingress::t_igr_ecn_flag<8> meta [0:7]]]

Best Score: {[n_overlay_bits: 8, ], }
Allocation Decisions:
allocate: H6[0:7] <- ingress::t_igr_ecn_flag<8> meta [0:7] @[-1r,11w]
81: TRYING to allocate SUPERCLUSTER Uid: 482
    slice lists:	[ ]
    rotational clusters:	
        [[ingress::t_igr_ifburstStage<1> meta [0:0]]]
Successfully Allocated
By slicing into the following superclusters:
SUPERCLUSTER Uid: 2716
    slice lists:	[ ]
    rotational clusters:	
        [[ingress::t_igr_ifburstStage<1> meta [0:0]]]

Best Score: {[n_packing_bits: 1, n_packing_priority: 100000, ], }
Allocation Decisions:
allocate: B3[4:4] <- ingress::t_igr_ifburstStage<1> meta [0:0] @[-1r,11w]
82: TRYING to allocate SUPERCLUSTER Uid: 493
    slice lists:	[ ]
    rotational clusters:	
        [[ingress::t_igr_tcp_drop_flag<1> meta [0:0]]]
Successfully Allocated
By slicing into the following superclusters:
SUPERCLUSTER Uid: 2717
    slice lists:	[ ]
    rotational clusters:	
        [[ingress::t_igr_tcp_drop_flag<1> meta [0:0]]]

Best Score: {[n_overlay_bits: 1, ], }
Allocation Decisions:
allocate: B3[4:4] <- ingress::t_igr_tcp_drop_flag<1> meta [0:0] @[-1r,11w]

