#pipeline pipe
#stage 0
^----- --- ----- ------ ---- --- -- - --- --------- ---------- tbl_fsmmf167(0,1)
A^---- --- ----- ------ ---- --- -- - --- --------- ---------- tbl_fsmmf170(0,1)
--^--- --- ----- ------ ---- --- -- - --- --------- ---------- tbl_t_igr_aiTs(0,2)
---^-- --- ----- ------ ---- --- -- - --- --------- ---------- tbl_ingress_objects136(0,4)
----^- --- ----- ------ ---- --- -- - --- --------- ---------- ingress_assign_const_to_phv_0(0,8)
-----^ --- ----- ------ ---- --- -- - --- --------- ---------- t_igr_tiForward(0,11)
#stage 1
BC---- ^-- ----- ------ ---- --- -- - --- --------- ---------- tbl_t_igr_aiSetfid(1,2)
---C-- -^- ----- ------ ---- --- -- - --- --------- ---------- tbl_t_igr_aiSetpktlen(1,5)
BC---- --^ ----- ------ ---- --- -- - --- --------- ---------- tbl_bottlenecked_rate_read_cms_act2(1,7)
#stage 2
--C--- C-- ^---- ------ ---- --- -- - --- --------- ---------- tbl_t_igr_aiCaldT(2,3)
------ D-- -^--- ------ ---- --- -- - --- --------- ---------- tbl_t_igr_aiSetTableKey(2,3)
------ C-- --^-- ------ ---- --- -- - --- --------- ---------- tbl_t_igr_aiSetburstStage(2,6)
BC---- --- ---^- ------ ---- --- -- - --- --------- ---------- tbl_bottlenecked_rate_read_cms_act1(1,7)
BC---- --- ----^ ------ ---- --- -- - --- --------- ---------- tbl_bottlenecked_rate_read_cms_act3(1,8)
#stage 3
------ --- -C--- ^----- ---- --- -- - --- --------- ---------- t_igr_tiRate(3,4)
------ --- C---- -^---- ---- --- -- - --- --------- ---------- t_igr_tiCalc_log_dt(3,4)
------ C-- ----- --^--- ---- --- -- - --- --------- ---------- tbl_t_igr_aiFcount(2,11)
------ C-- C---- ---^-- ---- --- -- - --- --------- ---------- tbl_t_igr_test_dt(3,11)
------ --D ---D- ----^- ---- --- -- - --- --------- ---------- tbl_Bottlenecked_Rate68(2,8)
------ E-- --D-- -----^ ---- --- -- - --- --------- ---------- tbl_t_igr_aiTs_ms(3,7)
#stage 4
------ B-- ----- -----F ^--- --- -- - --- --------- ---------- tbl_t_igr_aiCalburst_t(4,8)
------ --- ----- CC---- -^-- --- -- - --- --------- ---------- t_igr_tiCalc_dt_x_rate(4,5)
------ --- ----D ----G- --^- --- -- - --- --------- ---------- tbl_Bottlenecked_Rate69(3,9)
------ C-- ----- C----- ---^ --- -- - --- --------- ---------- tbl_t_igr_test_rate(4,11)
#stage 5
------ -D- ----- ------ -D-- ^-- -- - --- --------- ---------- tbl_t_igr_aiCalc_pktlen_minus_dt_x_rate(5,6)
------ C-- ----- ------ -C-- -^- -- - --- --------- ---------- tbl_t_igr_test_dt_x_rate(5,11)
------ --- ----- ------ --H- --^ -- - --- --------- ---------- tbl_Bottlenecked_Rate70(4,10)
#stage 6
------ C-- ----- ------ -C-- C-- ^- - --- --------- ---------- tbl_t_igr_aiSetRC(6,7)
------ C-- ----- ------ ---- --C -^ - --- --------- ---------- tbl_Bottlenecked_Rate73(5,11)
#stage 7
------ --- ----- ------ ---- I-- J- ^ --- --------- ---------- t_igr_tiRC_nag(7,8)
#stage 8
----D- --- ----- ------ ---- --- D- D ^-- --------- ---------- tbl_t_igr_aiCal_RC_minus_threshold(8,9)
------ C-- ----- ------ D--- --- C- C -^- --------- ---------- tbl_t_igr_aiCalc_gapRC(8,9)
------ C-- ----- ------ ---- D-- -- D --^ --------- ---------- tbl_t_igr_aiSetBottleneck(8,11)
#stage 9
----D- --- ----- ------ ---- --- -- - -D- ^-------- ---------- tbl_t_igr_aiCalc_gap_minus_tolerance(9,10)
------ --- ----- ------ ---- --- -- - -J- K^------- ---------- t_igr_tiGapRC_pos(9,10)
------ C-- ----- ------ ---- --- -- - G-- --^------ ---------- tbl_t_igr_aiSetecnflag(9,10)
------ B-- ----- ------ ---- --- -- - L-- --A^----- ---------- tbl_t_igr_aiSetnoecnflag(9,10)
------ B-- ----- ------ ---- --- -- - L-- --A-^---- ---------- tbl_t_igr_aiSetnodropflag(9,10)
------ B-- ----- ------ ---- --- -- - L-- --M--^--- ---------- tbl_t_igr_aiSetdropflag(9,10)
------ --- ----- ------ ---- --- -- - L-- --M---^-- ---------- tbl_ingress79(9,10)
------ --- ----- ------ ---- E-- -- E EE- EE-EEEE^- ---------- cond-21(9,11)
------ --- ----- ------ ---- --- -- - --- -------A^ ---------- cond-26(9,11)
#stage 10
------ --- ----- ------ ---- --- -- - N-- ------O-A ^--------- tbl_ingress112(10,11)
------ --- ----- ------ ---- --- -- - --- O-------- A^-------- cond-28(10,11)
------ --- ----- ------ ---- O-- -- O LO- -O------- -P^------- tbl_ingress114(10,11)
------ --- ----- ------ ---- --- -- - L-- ----OO-Q- ---^------ tbl_ingress98(10,11)
------ --- ----- ------ ---- --- -- - --- O-------- ---A^----- cond-23(10,11)
------ --- ----- ------ ---- O-- -- O LO- -O------- ----P^---- tbl_ingress100(10,11)
------ --- ----- ------ ---- --- -- - --- --OO----- ----AA^--- tbl_ingress102(10,11)
------ --- ----- ------ ---- --- -- - L-- --OO----- ------A^-- tbl_ingress105(10,11)
------ C-- ----- ------ ---- --- -- - -C- -C------- --------^- tbl_t_igr_test_gapRC(10,11)
------ C-- ----- ------ ---- --- -- - --- C-------- ---------^ tbl_t_igr_test_burstdrop(10,11)

#dependencies
A :  CONTROL_COND_FALSE
B :  IXBAR_READ
C :  IXBAR_READ ANTI_NEXT_TABLE_DATA
D :  ACTION_READ ANTI_NEXT_TABLE_DATA
E :  ANTI_NEXT_TABLE_DATA
F :  CONTROL_DEFAULT_NEXT_TABLE IXBAR_READ
G :  ACTION_READ OUTPUT ANTI_NEXT_TABLE_DATA
H :  ACTION_READ OUTPUT ANTI_ACTION_READ ANTI_NEXT_TABLE_DATA
I :  OUTPUT ANTI_NEXT_TABLE_DATA
J :  IXBAR_READ OUTPUT ANTI_NEXT_TABLE_DATA
K :  ANTI_ACTION_READ ANTI_NEXT_TABLE_DATA
L :  OUTPUT
M :  CONTROL_DEFAULT_NEXT_TABLE
N :  ACTION_READ OUTPUT
O :  ACTION_READ
P :  CONTROL_ACTION
Q :  CONTROL_COND_TRUE
